  AttackEvent.cpp
C:\Users\ASUS\OneDrive\바탕 화면\API_Project\API_Project\Solution_Kirby\Engineframework\AnimationManager.h(14,2): warning C4091: 'static ': 변수를 선언하지 않으면 'AnimationManager' 왼쪽은 무시됩니다.
  AttakObject.cpp
C:\Users\ASUS\OneDrive\바탕 화면\API_Project\API_Project\Solution_Kirby\Engineframework\AnimationManager.h(14,2): warning C4091: 'static ': 변수를 선언하지 않으면 'AnimationManager' 왼쪽은 무시됩니다.
  ChangeObject.cpp
C:\Users\ASUS\OneDrive\바탕 화면\API_Project\API_Project\Solution_Kirby\Engineframework\AnimationManager.h(14,2): warning C4091: 'static ': 변수를 선언하지 않으면 'AnimationManager' 왼쪽은 무시됩니다.
  Edit.cpp
C:\Users\ASUS\OneDrive\바탕 화면\API_Project\API_Project\Solution_Kirby\Engineframework\AnimationManager.h(14,2): warning C4091: 'static ': 변수를 선언하지 않으면 'AnimationManager' 왼쪽은 무시됩니다.
C:\Users\ASUS\OneDrive\바탕 화면\API_Project\API_Project\Solution_Kirby\KirbyGame\Edit.cpp(453,78): warning C4244: '인수': 'double'에서 'int'(으)로 변환하면서 데이터가 손실될 수 있습니다.
C:\Users\ASUS\OneDrive\바탕 화면\API_Project\API_Project\Solution_Kirby\KirbyGame\Edit.cpp(453,41): warning C4244: '인수': 'double'에서 'int'(으)로 변환하면서 데이터가 손실될 수 있습니다.
C:\Users\ASUS\OneDrive\바탕 화면\API_Project\API_Project\Solution_Kirby\KirbyGame\Edit.cpp(455,93): warning C4244: '인수': 'double'에서 'int'(으)로 변환하면서 데이터가 손실될 수 있습니다.
C:\Users\ASUS\OneDrive\바탕 화면\API_Project\API_Project\Solution_Kirby\KirbyGame\Edit.cpp(455,41): warning C4244: '인수': 'double'에서 'int'(으)로 변환하면서 데이터가 손실될 수 있습니다.
C:\Users\ASUS\OneDrive\바탕 화면\API_Project\API_Project\Solution_Kirby\KirbyGame\Edit.cpp(460,78): warning C4244: '인수': 'double'에서 'int'(으)로 변환하면서 데이터가 손실될 수 있습니다.
C:\Users\ASUS\OneDrive\바탕 화면\API_Project\API_Project\Solution_Kirby\KirbyGame\Edit.cpp(460,13): warning C4244: '인수': 'double'에서 'int'(으)로 변환하면서 데이터가 손실될 수 있습니다.
C:\Users\ASUS\OneDrive\바탕 화면\API_Project\API_Project\Solution_Kirby\KirbyGame\Edit.cpp(462,93): warning C4244: '인수': 'double'에서 'int'(으)로 변환하면서 데이터가 손실될 수 있습니다.
C:\Users\ASUS\OneDrive\바탕 화면\API_Project\API_Project\Solution_Kirby\KirbyGame\Edit.cpp(462,28): warning C4244: '인수': 'double'에서 'int'(으)로 변환하면서 데이터가 손실될 수 있습니다.
C:\Users\ASUS\OneDrive\바탕 화면\API_Project\API_Project\Solution_Kirby\KirbyGame\Edit.cpp(469,103): warning C4244: '인수': 'double'에서 'float'(으)로 변환하면서 데이터가 손실될 수 있습니다.
C:\Users\ASUS\OneDrive\바탕 화면\API_Project\API_Project\Solution_Kirby\KirbyGame\Edit.cpp(469,65): warning C4244: '인수': 'double'에서 'float'(으)로 변환하면서 데이터가 손실될 수 있습니다.
C:\Users\ASUS\OneDrive\바탕 화면\API_Project\API_Project\Solution_Kirby\KirbyGame\Edit.cpp(474,103): warning C4244: '인수': 'double'에서 'float'(으)로 변환하면서 데이터가 손실될 수 있습니다.
C:\Users\ASUS\OneDrive\바탕 화면\API_Project\API_Project\Solution_Kirby\KirbyGame\Edit.cpp(474,65): warning C4244: '인수': 'double'에서 'float'(으)로 변환하면서 데이터가 손실될 수 있습니다.
C:\Users\ASUS\OneDrive\바탕 화면\API_Project\API_Project\Solution_Kirby\KirbyGame\Edit.cpp(479,112): warning C4244: '인수': 'double'에서 'float'(으)로 변환하면서 데이터가 손실될 수 있습니다.
C:\Users\ASUS\OneDrive\바탕 화면\API_Project\API_Project\Solution_Kirby\KirbyGame\Edit.cpp(479,68): warning C4244: '인수': 'double'에서 'float'(으)로 변환하면서 데이터가 손실될 수 있습니다.
C:\Users\ASUS\OneDrive\바탕 화면\API_Project\API_Project\Solution_Kirby\KirbyGame\Edit.cpp(484,112): warning C4244: '인수': 'double'에서 'float'(으)로 변환하면서 데이터가 손실될 수 있습니다.
C:\Users\ASUS\OneDrive\바탕 화면\API_Project\API_Project\Solution_Kirby\KirbyGame\Edit.cpp(484,68): warning C4244: '인수': 'double'에서 'float'(으)로 변환하면서 데이터가 손실될 수 있습니다.
C:\Users\ASUS\OneDrive\바탕 화면\API_Project\API_Project\Solution_Kirby\KirbyGame\Edit.cpp(493,15): warning C4244: '초기화 중': 'double'에서 'int'(으)로 변환하면서 데이터가 손실될 수 있습니다.
C:\Users\ASUS\OneDrive\바탕 화면\API_Project\API_Project\Solution_Kirby\KirbyGame\Edit.cpp(494,15): warning C4244: '초기화 중': 'double'에서 'int'(으)로 변환하면서 데이터가 손실될 수 있습니다.
  EditerScene.cpp
C:\Users\ASUS\OneDrive\바탕 화면\API_Project\API_Project\Solution_Kirby\Engineframework\AnimationManager.h(14,2): warning C4091: 'static ': 변수를 선언하지 않으면 'AnimationManager' 왼쪽은 무시됩니다.
  game.cpp
C:\Users\ASUS\OneDrive\바탕 화면\API_Project\API_Project\Solution_Kirby\Engineframework\AnimationManager.h(14,2): warning C4091: 'static ': 변수를 선언하지 않으면 'AnimationManager' 왼쪽은 무시됩니다.
  GameScene.cpp
C:\Users\ASUS\OneDrive\바탕 화면\API_Project\API_Project\Solution_Kirby\Engineframework\AnimationManager.h(14,2): warning C4091: 'static ': 변수를 선언하지 않으면 'AnimationManager' 왼쪽은 무시됩니다.
  main.cpp
C:\Users\ASUS\OneDrive\바탕 화면\API_Project\API_Project\Solution_Kirby\Engineframework\AnimationManager.h(14,2): warning C4091: 'static ': 변수를 선언하지 않으면 'AnimationManager' 왼쪽은 무시됩니다.
  Player.cpp
C:\Users\ASUS\OneDrive\바탕 화면\API_Project\API_Project\Solution_Kirby\Engineframework\AnimationManager.h(14,2): warning C4091: 'static ': 변수를 선언하지 않으면 'AnimationManager' 왼쪽은 무시됩니다.
C:\Users\ASUS\OneDrive\바탕 화면\API_Project\API_Project\Solution_Kirby\KirbyGame\Player.cpp(486,44): warning C4244: '인수': 'double'에서 'float'(으)로 변환하면서 데이터가 손실될 수 있습니다.
C:\Users\ASUS\OneDrive\바탕 화면\API_Project\API_Project\Solution_Kirby\KirbyGame\Player.cpp(485,44): warning C4244: '인수': 'double'에서 'float'(으)로 변환하면서 데이터가 손실될 수 있습니다.
C:\Users\ASUS\OneDrive\바탕 화면\API_Project\API_Project\Solution_Kirby\KirbyGame\Player.cpp(508,47): warning C4244: '인수': 'double'에서 'float'(으)로 변환하면서 데이터가 손실될 수 있습니다.
C:\Users\ASUS\OneDrive\바탕 화면\API_Project\API_Project\Solution_Kirby\KirbyGame\Player.cpp(508,14): warning C4244: '인수': 'double'에서 'float'(으)로 변환하면서 데이터가 손실될 수 있습니다.
C:\Users\ASUS\OneDrive\바탕 화면\API_Project\API_Project\Solution_Kirby\KirbyGame\Player.cpp(509,48): warning C4244: '인수': 'double'에서 'float'(으)로 변환하면서 데이터가 손실될 수 있습니다.
C:\Users\ASUS\OneDrive\바탕 화면\API_Project\API_Project\Solution_Kirby\KirbyGame\Player.cpp(509,14): warning C4244: '인수': 'double'에서 'float'(으)로 변환하면서 데이터가 손실될 수 있습니다.
C:\Users\ASUS\OneDrive\바탕 화면\API_Project\API_Project\Solution_Kirby\KirbyGame\Player.cpp(511,54): warning C4244: '인수': 'double'에서 'float'(으)로 변환하면서 데이터가 손실될 수 있습니다.
C:\Users\ASUS\OneDrive\바탕 화면\API_Project\API_Project\Solution_Kirby\KirbyGame\Player.cpp(511,41): warning C4244: '인수': 'double'에서 'float'(으)로 변환하면서 데이터가 손실될 수 있습니다.
  SceneChanger.cpp
C:\Users\ASUS\OneDrive\바탕 화면\API_Project\API_Project\Solution_Kirby\Engineframework\AnimationManager.h(14,2): warning C4091: 'static ': 변수를 선언하지 않으면 'AnimationManager' 왼쪽은 무시됩니다.
  StageMaker.cpp
C:\Users\ASUS\OneDrive\바탕 화면\API_Project\API_Project\Solution_Kirby\Engineframework\AnimationManager.h(14,2): warning C4091: 'static ': 변수를 선언하지 않으면 'AnimationManager' 왼쪽은 무시됩니다.
C:\Users\ASUS\OneDrive\바탕 화면\API_Project\API_Project\Solution_Kirby\KirbyGame\StageMaker.cpp(72,26): warning C4267: '초기화 중': 'size_t'에서 'int'(으)로 변환하면서 데이터가 손실될 수 있습니다.
C:\Users\ASUS\OneDrive\바탕 화면\API_Project\API_Project\Solution_Kirby\KirbyGame\StageMaker.cpp(288,49): warning C4244: '인수': 'double'에서 'float'(으)로 변환하면서 데이터가 손실될 수 있습니다.
C:\Users\ASUS\OneDrive\바탕 화면\API_Project\API_Project\Solution_Kirby\KirbyGame\StageMaker.cpp(295,71): warning C4244: '인수': 'double'에서 'float'(으)로 변환하면서 데이터가 손실될 수 있습니다.
C:\Users\ASUS\OneDrive\바탕 화면\API_Project\API_Project\Solution_Kirby\KirbyGame\StageMaker.cpp(295,53): warning C4244: '인수': 'double'에서 'float'(으)로 변환하면서 데이터가 손실될 수 있습니다.
  StartScene.cpp
C:\Users\ASUS\OneDrive\바탕 화면\API_Project\API_Project\Solution_Kirby\Engineframework\AnimationManager.h(14,2): warning C4091: 'static ': 변수를 선언하지 않으면 'AnimationManager' 왼쪽은 무시됩니다.
  코드를 생성하고 있습니다.
  Previous IPDB not found, fall back to full compilation.
  All 1979 functions were compiled because no usable IPDB/IOBJ from previous compilation was found.
  코드를 생성했습니다.
  KirbyGame.vcxproj -> C:\Users\ASUS\OneDrive\바탕 화면\API_Project\API_Project\Solution_Kirby\x64\Release\KirbyGame.exe
