  pch.cpp
C:\Users\ASUS\OneDrive\바탕 화면\API_Project\API_Project\API_Project\AnimationManager.h(14,2): warning C4091: 'static ': 변수를 선언하지 않으면 'AnimationManager' 왼쪽은 무시됩니다.
  AnimationManager.cpp
  AnimationRender.cpp
C:\Users\ASUS\OneDrive\바탕 화면\API_Project\API_Project\API_Project\AnimationRender.cpp(40,54): warning C4244: '+=': 'double'에서 'float'(으)로 변환하면서 데이터가 손실될 수 있습니다.
  AttackEvent.cpp
  AttakObject.cpp
  BitmapRender.cpp
C:\Users\ASUS\OneDrive\바탕 화면\API_Project\API_Project\API_Project\BitmapRender.cpp(60,30): warning C4244: '인수': 'double'에서 'int'(으)로 변환하면서 데이터가 손실될 수 있습니다.
C:\Users\ASUS\OneDrive\바탕 화면\API_Project\API_Project\API_Project\BitmapRender.cpp(59,30): warning C4244: '인수': 'double'에서 'int'(으)로 변환하면서 데이터가 손실될 수 있습니다.
C:\Users\ASUS\OneDrive\바탕 화면\API_Project\API_Project\API_Project\BitmapRender.cpp(58,37): warning C4244: '인수': 'double'에서 'int'(으)로 변환하면서 데이터가 손실될 수 있습니다.
C:\Users\ASUS\OneDrive\바탕 화면\API_Project\API_Project\API_Project\BitmapRender.cpp(57,37): warning C4244: '인수': 'double'에서 'int'(으)로 변환하면서 데이터가 손실될 수 있습니다.
  BoxCollider.cpp
  Buffer.cpp
  Camera.cpp
  ChangeObject.cpp
  Collider.cpp
C:\Users\ASUS\OneDrive\바탕 화면\API_Project\API_Project\API_Project\Collider.cpp(57,34): warning C4244: '인수': 'double'에서 'int'(으)로 변환하면서 데이터가 손실될 수 있습니다.
C:\Users\ASUS\OneDrive\바탕 화면\API_Project\API_Project\API_Project\Collider.cpp(57,23): warning C4244: '인수': 'double'에서 'int'(으)로 변환하면서 데이터가 손실될 수 있습니다.
C:\Users\ASUS\OneDrive\바탕 화면\API_Project\API_Project\API_Project\Collider.cpp(58,34): warning C4244: '인수': 'double'에서 'int'(으)로 변환하면서 데이터가 손실될 수 있습니다.
C:\Users\ASUS\OneDrive\바탕 화면\API_Project\API_Project\API_Project\Collider.cpp(58,23): warning C4244: '인수': 'double'에서 'int'(으)로 변환하면서 데이터가 손실될 수 있습니다.
C:\Users\ASUS\OneDrive\바탕 화면\API_Project\API_Project\API_Project\Collider.cpp(59,34): warning C4244: '인수': 'double'에서 'int'(으)로 변환하면서 데이터가 손실될 수 있습니다.
C:\Users\ASUS\OneDrive\바탕 화면\API_Project\API_Project\API_Project\Collider.cpp(59,23): warning C4244: '인수': 'double'에서 'int'(으)로 변환하면서 데이터가 손실될 수 있습니다.
C:\Users\ASUS\OneDrive\바탕 화면\API_Project\API_Project\API_Project\Collider.cpp(60,34): warning C4244: '인수': 'double'에서 'int'(으)로 변환하면서 데이터가 손실될 수 있습니다.
C:\Users\ASUS\OneDrive\바탕 화면\API_Project\API_Project\API_Project\Collider.cpp(60,21): warning C4244: '인수': 'double'에서 'int'(으)로 변환하면서 데이터가 손실될 수 있습니다.
C:\Users\ASUS\OneDrive\바탕 화면\API_Project\API_Project\API_Project\Collider.cpp(61,38): warning C4244: '인수': 'double'에서 'int'(으)로 변환하면서 데이터가 손실될 수 있습니다.
C:\Users\ASUS\OneDrive\바탕 화면\API_Project\API_Project\API_Project\Collider.cpp(61,25): warning C4244: '인수': 'double'에서 'int'(으)로 변환하면서 데이터가 손실될 수 있습니다.
C:\Users\ASUS\OneDrive\바탕 화면\API_Project\API_Project\API_Project\Collider.cpp(62,34): warning C4244: '인수': 'double'에서 'int'(으)로 변환하면서 데이터가 손실될 수 있습니다.
C:\Users\ASUS\OneDrive\바탕 화면\API_Project\API_Project\API_Project\Collider.cpp(62,21): warning C4244: '인수': 'double'에서 'int'(으)로 변환하면서 데이터가 손실될 수 있습니다.
C:\Users\ASUS\OneDrive\바탕 화면\API_Project\API_Project\API_Project\Collider.cpp(63,38): warning C4244: '인수': 'double'에서 'int'(으)로 변환하면서 데이터가 손실될 수 있습니다.
C:\Users\ASUS\OneDrive\바탕 화면\API_Project\API_Project\API_Project\Collider.cpp(63,25): warning C4244: '인수': 'double'에서 'int'(으)로 변환하면서 데이터가 손실될 수 있습니다.
C:\Users\ASUS\OneDrive\바탕 화면\API_Project\API_Project\API_Project\Collider.cpp(64,34): warning C4244: '인수': 'double'에서 'int'(으)로 변환하면서 데이터가 손실될 수 있습니다.
C:\Users\ASUS\OneDrive\바탕 화면\API_Project\API_Project\API_Project\Collider.cpp(64,23): warning C4244: '인수': 'double'에서 'int'(으)로 변환하면서 데이터가 손실될 수 있습니다.
  CollisionManager.cpp
  ColorButton.cpp
C:\Users\ASUS\OneDrive\바탕 화면\API_Project\API_Project\API_Project\ColorButton.cpp(26,26): warning C4838: 'double'에서 'LONG'(으)로의 변환에는 축소 변환이 필요합니다.
C:\Users\ASUS\OneDrive\바탕 화면\API_Project\API_Project\API_Project\ColorButton.cpp(26,26): warning C4244: '초기화 중': 'double'에서 'LONG'(으)로 변환하면서 데이터가 손실될 수 있습니다.
C:\Users\ASUS\OneDrive\바탕 화면\API_Project\API_Project\API_Project\ColorButton.cpp(27,26): warning C4838: 'double'에서 'LONG'(으)로의 변환에는 축소 변환이 필요합니다.
C:\Users\ASUS\OneDrive\바탕 화면\API_Project\API_Project\API_Project\ColorButton.cpp(27,26): warning C4244: '초기화 중': 'double'에서 'LONG'(으)로 변환하면서 데이터가 손실될 수 있습니다.
C:\Users\ASUS\OneDrive\바탕 화면\API_Project\API_Project\API_Project\ColorButton.cpp(28,62): warning C4838: 'double'에서 'LONG'(으)로의 변환에는 축소 변환이 필요합니다.
C:\Users\ASUS\OneDrive\바탕 화면\API_Project\API_Project\API_Project\ColorButton.cpp(28,62): warning C4244: '초기화 중': 'double'에서 'LONG'(으)로 변환하면서 데이터가 손실될 수 있습니다.
C:\Users\ASUS\OneDrive\바탕 화면\API_Project\API_Project\API_Project\ColorButton.cpp(29,62): warning C4838: 'double'에서 'LONG'(으)로의 변환에는 축소 변환이 필요합니다.
C:\Users\ASUS\OneDrive\바탕 화면\API_Project\API_Project\API_Project\ColorButton.cpp(29,62): warning C4244: '초기화 중': 'double'에서 'LONG'(으)로 변환하면서 데이터가 손실될 수 있습니다.
  Component.cpp
  DebugWindow.cpp
C:\Users\ASUS\OneDrive\바탕 화면\API_Project\API_Project\API_Project\DebugWindow.cpp(27,26): warning C4838: 'double'에서 'LONG'(으)로의 변환에는 축소 변환이 필요합니다.
C:\Users\ASUS\OneDrive\바탕 화면\API_Project\API_Project\API_Project\DebugWindow.cpp(27,26): warning C4244: '초기화 중': 'double'에서 'LONG'(으)로 변환하면서 데이터가 손실될 수 있습니다.
C:\Users\ASUS\OneDrive\바탕 화면\API_Project\API_Project\API_Project\DebugWindow.cpp(28,26): warning C4838: 'double'에서 'LONG'(으)로의 변환에는 축소 변환이 필요합니다.
C:\Users\ASUS\OneDrive\바탕 화면\API_Project\API_Project\API_Project\DebugWindow.cpp(28,26): warning C4244: '초기화 중': 'double'에서 'LONG'(으)로 변환하면서 데이터가 손실될 수 있습니다.
C:\Users\ASUS\OneDrive\바탕 화면\API_Project\API_Project\API_Project\DebugWindow.cpp(29,62): warning C4838: 'double'에서 'LONG'(으)로의 변환에는 축소 변환이 필요합니다.
C:\Users\ASUS\OneDrive\바탕 화면\API_Project\API_Project\API_Project\DebugWindow.cpp(29,62): warning C4244: '초기화 중': 'double'에서 'LONG'(으)로 변환하면서 데이터가 손실될 수 있습니다.
C:\Users\ASUS\OneDrive\바탕 화면\API_Project\API_Project\API_Project\DebugWindow.cpp(30,62): warning C4838: 'double'에서 'LONG'(으)로의 변환에는 축소 변환이 필요합니다.
C:\Users\ASUS\OneDrive\바탕 화면\API_Project\API_Project\API_Project\DebugWindow.cpp(30,62): warning C4244: '초기화 중': 'double'에서 'LONG'(으)로 변환하면서 데이터가 손실될 수 있습니다.
  Edit.cpp
C:\Users\ASUS\OneDrive\바탕 화면\API_Project\API_Project\API_Project\Edit.cpp(51,23): warning C4018: '<': signed 또는 unsigned가 일치하지 않습니다.
C:\Users\ASUS\OneDrive\바탕 화면\API_Project\API_Project\API_Project\Edit.cpp(54,27): warning C4018: '<': signed 또는 unsigned가 일치하지 않습니다.
C:\Users\ASUS\OneDrive\바탕 화면\API_Project\API_Project\API_Project\Edit.cpp(278,21): warning C4018: '<': signed 또는 unsigned가 일치하지 않습니다.
C:\Users\ASUS\OneDrive\바탕 화면\API_Project\API_Project\API_Project\Edit.cpp(281,22): warning C4018: '<': signed 또는 unsigned가 일치하지 않습니다.
C:\Users\ASUS\OneDrive\바탕 화면\API_Project\API_Project\API_Project\Edit.cpp(324,27): warning C4018: '<': signed 또는 unsigned가 일치하지 않습니다.
C:\Users\ASUS\OneDrive\바탕 화면\API_Project\API_Project\API_Project\Edit.cpp(327,31): warning C4018: '<': signed 또는 unsigned가 일치하지 않습니다.
C:\Users\ASUS\OneDrive\바탕 화면\API_Project\API_Project\API_Project\Edit.cpp(453,78): warning C4244: '인수': 'double'에서 'int'(으)로 변환하면서 데이터가 손실될 수 있습니다.
C:\Users\ASUS\OneDrive\바탕 화면\API_Project\API_Project\API_Project\Edit.cpp(453,41): warning C4244: '인수': 'double'에서 'int'(으)로 변환하면서 데이터가 손실될 수 있습니다.
C:\Users\ASUS\OneDrive\바탕 화면\API_Project\API_Project\API_Project\Edit.cpp(455,93): warning C4244: '인수': 'double'에서 'int'(으)로 변환하면서 데이터가 손실될 수 있습니다.
C:\Users\ASUS\OneDrive\바탕 화면\API_Project\API_Project\API_Project\Edit.cpp(455,41): warning C4244: '인수': 'double'에서 'int'(으)로 변환하면서 데이터가 손실될 수 있습니다.
C:\Users\ASUS\OneDrive\바탕 화면\API_Project\API_Project\API_Project\Edit.cpp(460,78): warning C4244: '인수': 'double'에서 'int'(으)로 변환하면서 데이터가 손실될 수 있습니다.
C:\Users\ASUS\OneDrive\바탕 화면\API_Project\API_Project\API_Project\Edit.cpp(460,13): warning C4244: '인수': 'double'에서 'int'(으)로 변환하면서 데이터가 손실될 수 있습니다.
C:\Users\ASUS\OneDrive\바탕 화면\API_Project\API_Project\API_Project\Edit.cpp(462,93): warning C4244: '인수': 'double'에서 'int'(으)로 변환하면서 데이터가 손실될 수 있습니다.
C:\Users\ASUS\OneDrive\바탕 화면\API_Project\API_Project\API_Project\Edit.cpp(462,28): warning C4244: '인수': 'double'에서 'int'(으)로 변환하면서 데이터가 손실될 수 있습니다.
C:\Users\ASUS\OneDrive\바탕 화면\API_Project\API_Project\API_Project\Edit.cpp(469,103): warning C4244: '인수': 'double'에서 'float'(으)로 변환하면서 데이터가 손실될 수 있습니다.
C:\Users\ASUS\OneDrive\바탕 화면\API_Project\API_Project\API_Project\Edit.cpp(469,65): warning C4244: '인수': 'double'에서 'float'(으)로 변환하면서 데이터가 손실될 수 있습니다.
C:\Users\ASUS\OneDrive\바탕 화면\API_Project\API_Project\API_Project\Edit.cpp(474,103): warning C4244: '인수': 'double'에서 'float'(으)로 변환하면서 데이터가 손실될 수 있습니다.
C:\Users\ASUS\OneDrive\바탕 화면\API_Project\API_Project\API_Project\Edit.cpp(474,65): warning C4244: '인수': 'double'에서 'float'(으)로 변환하면서 데이터가 손실될 수 있습니다.
C:\Users\ASUS\OneDrive\바탕 화면\API_Project\API_Project\API_Project\Edit.cpp(479,112): warning C4244: '인수': 'double'에서 'float'(으)로 변환하면서 데이터가 손실될 수 있습니다.
C:\Users\ASUS\OneDrive\바탕 화면\API_Project\API_Project\API_Project\Edit.cpp(479,68): warning C4244: '인수': 'double'에서 'float'(으)로 변환하면서 데이터가 손실될 수 있습니다.
C:\Users\ASUS\OneDrive\바탕 화면\API_Project\API_Project\API_Project\Edit.cpp(484,112): warning C4244: '인수': 'double'에서 'float'(으)로 변환하면서 데이터가 손실될 수 있습니다.
C:\Users\ASUS\OneDrive\바탕 화면\API_Project\API_Project\API_Project\Edit.cpp(484,68): warning C4244: '인수': 'double'에서 'float'(으)로 변환하면서 데이터가 손실될 수 있습니다.
C:\Users\ASUS\OneDrive\바탕 화면\API_Project\API_Project\API_Project\Edit.cpp(493,15): warning C4244: '초기화 중': 'double'에서 'int'(으)로 변환하면서 데이터가 손실될 수 있습니다.
C:\Users\ASUS\OneDrive\바탕 화면\API_Project\API_Project\API_Project\Edit.cpp(494,15): warning C4244: '초기화 중': 'double'에서 'int'(으)로 변환하면서 데이터가 손실될 수 있습니다.
C:\Users\ASUS\OneDrive\바탕 화면\API_Project\API_Project\API_Project\Edit.cpp(528,35): warning C4018: '<': signed 또는 unsigned가 일치하지 않습니다.
C:\Users\ASUS\OneDrive\바탕 화면\API_Project\API_Project\API_Project\Edit.cpp(531,39): warning C4018: '<': signed 또는 unsigned가 일치하지 않습니다.
  EditerScene.cpp
  GameObject.cpp
C:\Users\ASUS\OneDrive\바탕 화면\API_Project\API_Project\API_Project\GameObject.cpp(141,22): warning C4838: 'double'에서 'LONG'(으)로의 변환에는 축소 변환이 필요합니다.
C:\Users\ASUS\OneDrive\바탕 화면\API_Project\API_Project\API_Project\GameObject.cpp(141,22): warning C4244: '초기화 중': 'double'에서 'LONG'(으)로 변환하면서 데이터가 손실될 수 있습니다.
C:\Users\ASUS\OneDrive\바탕 화면\API_Project\API_Project\API_Project\GameObject.cpp(142,22): warning C4838: 'double'에서 'LONG'(으)로의 변환에는 축소 변환이 필요합니다.
C:\Users\ASUS\OneDrive\바탕 화면\API_Project\API_Project\API_Project\GameObject.cpp(142,22): warning C4244: '초기화 중': 'double'에서 'LONG'(으)로 변환하면서 데이터가 손실될 수 있습니다.
C:\Users\ASUS\OneDrive\바탕 화면\API_Project\API_Project\API_Project\GameObject.cpp(143,58): warning C4838: 'double'에서 'LONG'(으)로의 변환에는 축소 변환이 필요합니다.
C:\Users\ASUS\OneDrive\바탕 화면\API_Project\API_Project\API_Project\GameObject.cpp(143,58): warning C4244: '초기화 중': 'double'에서 'LONG'(으)로 변환하면서 데이터가 손실될 수 있습니다.
C:\Users\ASUS\OneDrive\바탕 화면\API_Project\API_Project\API_Project\GameObject.cpp(144,52): warning C4838: 'double'에서 'LONG'(으)로의 변환에는 축소 변환이 필요합니다.
C:\Users\ASUS\OneDrive\바탕 화면\API_Project\API_Project\API_Project\GameObject.cpp(144,52): warning C4244: '초기화 중': 'double'에서 'LONG'(으)로 변환하면서 데이터가 손실될 수 있습니다.
C:\Users\ASUS\OneDrive\바탕 화면\API_Project\API_Project\API_Project\GameObject.cpp(208,23): warning C4838: 'double'에서 'LONG'(으)로의 변환에는 축소 변환이 필요합니다.
C:\Users\ASUS\OneDrive\바탕 화면\API_Project\API_Project\API_Project\GameObject.cpp(208,23): warning C4244: '초기화 중': 'double'에서 'LONG'(으)로 변환하면서 데이터가 손실될 수 있습니다.
C:\Users\ASUS\OneDrive\바탕 화면\API_Project\API_Project\API_Project\GameObject.cpp(209,23): warning C4838: 'double'에서 'LONG'(으)로의 변환에는 축소 변환이 필요합니다.
C:\Users\ASUS\OneDrive\바탕 화면\API_Project\API_Project\API_Project\GameObject.cpp(209,23): warning C4244: '초기화 중': 'double'에서 'LONG'(으)로 변환하면서 데이터가 손실될 수 있습니다.
C:\Users\ASUS\OneDrive\바탕 화면\API_Project\API_Project\API_Project\GameObject.cpp(210,59): warning C4838: 'double'에서 'LONG'(으)로의 변환에는 축소 변환이 필요합니다.
C:\Users\ASUS\OneDrive\바탕 화면\API_Project\API_Project\API_Project\GameObject.cpp(210,59): warning C4244: '초기화 중': 'double'에서 'LONG'(으)로 변환하면서 데이터가 손실될 수 있습니다.
C:\Users\ASUS\OneDrive\바탕 화면\API_Project\API_Project\API_Project\GameObject.cpp(211,59): warning C4838: 'double'에서 'LONG'(으)로의 변환에는 축소 변환이 필요합니다.
C:\Users\ASUS\OneDrive\바탕 화면\API_Project\API_Project\API_Project\GameObject.cpp(211,59): warning C4244: '초기화 중': 'double'에서 'LONG'(으)로 변환하면서 데이터가 손실될 수 있습니다.
C:\Users\ASUS\OneDrive\바탕 화면\API_Project\API_Project\API_Project\GameObject.cpp(227,22): warning C4838: 'double'에서 'LONG'(으)로의 변환에는 축소 변환이 필요합니다.
C:\Users\ASUS\OneDrive\바탕 화면\API_Project\API_Project\API_Project\GameObject.cpp(227,22): warning C4244: '초기화 중': 'double'에서 'LONG'(으)로 변환하면서 데이터가 손실될 수 있습니다.
C:\Users\ASUS\OneDrive\바탕 화면\API_Project\API_Project\API_Project\GameObject.cpp(228,22): warning C4838: 'double'에서 'LONG'(으)로의 변환에는 축소 변환이 필요합니다.
C:\Users\ASUS\OneDrive\바탕 화면\API_Project\API_Project\API_Project\GameObject.cpp(228,22): warning C4244: '초기화 중': 'double'에서 'LONG'(으)로 변환하면서 데이터가 손실될 수 있습니다.
C:\Users\ASUS\OneDrive\바탕 화면\API_Project\API_Project\API_Project\GameObject.cpp(229,58): warning C4838: 'double'에서 'LONG'(으)로의 변환에는 축소 변환이 필요합니다.
C:\Users\ASUS\OneDrive\바탕 화면\API_Project\API_Project\API_Project\GameObject.cpp(229,58): warning C4244: '초기화 중': 'double'에서 'LONG'(으)로 변환하면서 데이터가 손실될 수 있습니다.
C:\Users\ASUS\OneDrive\바탕 화면\API_Project\API_Project\API_Project\GameObject.cpp(230,58): warning C4838: 'double'에서 'LONG'(으)로의 변환에는 축소 변환이 필요합니다.
C:\Users\ASUS\OneDrive\바탕 화면\API_Project\API_Project\API_Project\GameObject.cpp(230,58): warning C4244: '초기화 중': 'double'에서 'LONG'(으)로 변환하면서 데이터가 손실될 수 있습니다.
C:\Users\ASUS\OneDrive\바탕 화면\API_Project\API_Project\API_Project\GameObject.cpp(246,22): warning C4838: 'double'에서 'LONG'(으)로의 변환에는 축소 변환이 필요합니다.
C:\Users\ASUS\OneDrive\바탕 화면\API_Project\API_Project\API_Project\GameObject.cpp(246,22): warning C4244: '초기화 중': 'double'에서 'LONG'(으)로 변환하면서 데이터가 손실될 수 있습니다.
C:\Users\ASUS\OneDrive\바탕 화면\API_Project\API_Project\API_Project\GameObject.cpp(247,22): warning C4838: 'double'에서 'LONG'(으)로의 변환에는 축소 변환이 필요합니다.
C:\Users\ASUS\OneDrive\바탕 화면\API_Project\API_Project\API_Project\GameObject.cpp(247,22): warning C4244: '초기화 중': 'double'에서 'LONG'(으)로 변환하면서 데이터가 손실될 수 있습니다.
C:\Users\ASUS\OneDrive\바탕 화면\API_Project\API_Project\API_Project\GameObject.cpp(248,58): warning C4838: 'double'에서 'LONG'(으)로의 변환에는 축소 변환이 필요합니다.
C:\Users\ASUS\OneDrive\바탕 화면\API_Project\API_Project\API_Project\GameObject.cpp(248,58): warning C4244: '초기화 중': 'double'에서 'LONG'(으)로 변환하면서 데이터가 손실될 수 있습니다.
C:\Users\ASUS\OneDrive\바탕 화면\API_Project\API_Project\API_Project\GameObject.cpp(249,58): warning C4838: 'double'에서 'LONG'(으)로의 변환에는 축소 변환이 필요합니다.
C:\Users\ASUS\OneDrive\바탕 화면\API_Project\API_Project\API_Project\GameObject.cpp(249,58): warning C4244: '초기화 중': 'double'에서 'LONG'(으)로 변환하면서 데이터가 손실될 수 있습니다.
C:\Users\ASUS\OneDrive\바탕 화면\API_Project\API_Project\API_Project\GameObject.cpp(265,23): warning C4838: 'double'에서 'LONG'(으)로의 변환에는 축소 변환이 필요합니다.
C:\Users\ASUS\OneDrive\바탕 화면\API_Project\API_Project\API_Project\GameObject.cpp(265,23): warning C4244: '초기화 중': 'double'에서 'LONG'(으)로 변환하면서 데이터가 손실될 수 있습니다.
C:\Users\ASUS\OneDrive\바탕 화면\API_Project\API_Project\API_Project\GameObject.cpp(266,23): warning C4838: 'double'에서 'LONG'(으)로의 변환에는 축소 변환이 필요합니다.
C:\Users\ASUS\OneDrive\바탕 화면\API_Project\API_Project\API_Project\GameObject.cpp(266,23): warning C4244: '초기화 중': 'double'에서 'LONG'(으)로 변환하면서 데이터가 손실될 수 있습니다.
C:\Users\ASUS\OneDrive\바탕 화면\API_Project\API_Project\API_Project\GameObject.cpp(267,59): warning C4838: 'double'에서 'LONG'(으)로의 변환에는 축소 변환이 필요합니다.
C:\Users\ASUS\OneDrive\바탕 화면\API_Project\API_Project\API_Project\GameObject.cpp(267,59): warning C4244: '초기화 중': 'double'에서 'LONG'(으)로 변환하면서 데이터가 손실될 수 있습니다.
C:\Users\ASUS\OneDrive\바탕 화면\API_Project\API_Project\API_Project\GameObject.cpp(268,59): warning C4838: 'double'에서 'LONG'(으)로의 변환에는 축소 변환이 필요합니다.
C:\Users\ASUS\OneDrive\바탕 화면\API_Project\API_Project\API_Project\GameObject.cpp(268,59): warning C4244: '초기화 중': 'double'에서 'LONG'(으)로 변환하면서 데이터가 손실될 수 있습니다.
  GameScene.cpp
  InputString.cpp
C:\Program Files\Microsoft Visual Studio\2022\Community\VC\Tools\MSVC\14.36.32532\include\xstring(2765,53): warning C4244: '인수': 'wchar_t'에서 'const _Elem'(으)로 변환하면서 데이터가 손실될 수 있습니다.
          with
          [
              _Elem=char
          ]
C:\Program Files\Microsoft Visual Studio\2022\Community\VC\Tools\MSVC\14.36.32532\include\xstring(2621,17): message : 컴파일되는 함수 템플릿 인스턴스화 'void std::basic_string<char,std::char_traits<char>,std::allocator<char>>::_Construct_from_iter<wchar_t*,wchar_t*,_Size_type>(_Iter,const _Sent,_Size)'에 대한 참조를 확인하세요.
          with
          [
              _Size_type=unsigned int,
              _Iter=wchar_t *,
              _Sent=wchar_t *,
              _Size=unsigned int
          ]
C:\Users\ASUS\OneDrive\바탕 화면\API_Project\API_Project\API_Project\InputString.cpp(44,18): message : 컴파일되는 함수 템플릿 인스턴스화 'std::basic_string<char,std::char_traits<char>,std::allocator<char>>::basic_string<std::_String_iterator<std::_String_val<std::_Simple_types<_Elem>>>,0>(_Iter,_Iter,const _Alloc &)'에 대한 참조를 확인하세요.
          with
          [
              _Elem=wchar_t,
              _Iter=std::_String_iterator<std::_String_val<std::_Simple_types<wchar_t>>>,
              _Alloc=std::allocator<char>
          ]
C:\Users\ASUS\OneDrive\바탕 화면\API_Project\API_Project\API_Project\InputString.cpp(44,18): message : 'InputString::GetString'에서 'std::basic_string<char,std::char_traits<char>,std::allocator<char>>::basic_string'에 대한 첫 번째 참조를 확인하세요.
  MainFrame.cpp
  코드를 생성하고 있습니다...
  컴파일하고 있습니다...
  Mouse.cpp
  ObjectManager.cpp
  Player.cpp
C:\Users\ASUS\OneDrive\바탕 화면\API_Project\API_Project\API_Project\Player.cpp(485,44): warning C4244: '인수': 'double'에서 'float'(으)로 변환하면서 데이터가 손실될 수 있습니다.
C:\Users\ASUS\OneDrive\바탕 화면\API_Project\API_Project\API_Project\Player.cpp(484,44): warning C4244: '인수': 'double'에서 'float'(으)로 변환하면서 데이터가 손실될 수 있습니다.
C:\Users\ASUS\OneDrive\바탕 화면\API_Project\API_Project\API_Project\Player.cpp(507,47): warning C4244: '인수': 'double'에서 'float'(으)로 변환하면서 데이터가 손실될 수 있습니다.
C:\Users\ASUS\OneDrive\바탕 화면\API_Project\API_Project\API_Project\Player.cpp(507,14): warning C4244: '인수': 'double'에서 'float'(으)로 변환하면서 데이터가 손실될 수 있습니다.
C:\Users\ASUS\OneDrive\바탕 화면\API_Project\API_Project\API_Project\Player.cpp(508,48): warning C4244: '인수': 'double'에서 'float'(으)로 변환하면서 데이터가 손실될 수 있습니다.
C:\Users\ASUS\OneDrive\바탕 화면\API_Project\API_Project\API_Project\Player.cpp(508,14): warning C4244: '인수': 'double'에서 'float'(으)로 변환하면서 데이터가 손실될 수 있습니다.
C:\Users\ASUS\OneDrive\바탕 화면\API_Project\API_Project\API_Project\Player.cpp(510,54): warning C4244: '인수': 'double'에서 'float'(으)로 변환하면서 데이터가 손실될 수 있습니다.
C:\Users\ASUS\OneDrive\바탕 화면\API_Project\API_Project\API_Project\Player.cpp(510,41): warning C4244: '인수': 'double'에서 'float'(으)로 변환하면서 데이터가 손실될 수 있습니다.
  Rigidbody.cpp
  SceneChanger.cpp
  StageMaker.cpp
C:\Users\ASUS\OneDrive\바탕 화면\API_Project\API_Project\API_Project\StageMaker.cpp(97,38): warning C4018: '>=': signed 또는 unsigned가 일치하지 않습니다.
C:\Users\ASUS\OneDrive\바탕 화면\API_Project\API_Project\API_Project\StageMaker.cpp(233,23): warning C4018: '<': signed 또는 unsigned가 일치하지 않습니다.
C:\Users\ASUS\OneDrive\바탕 화면\API_Project\API_Project\API_Project\StageMaker.cpp(237,21): warning C4018: '<': signed 또는 unsigned가 일치하지 않습니다.
C:\Users\ASUS\OneDrive\바탕 화면\API_Project\API_Project\API_Project\StageMaker.cpp(247,20): warning C4018: '<': signed 또는 unsigned가 일치하지 않습니다.
C:\Users\ASUS\OneDrive\바탕 화면\API_Project\API_Project\API_Project\StageMaker.cpp(249,21): warning C4018: '<': signed 또는 unsigned가 일치하지 않습니다.
C:\Users\ASUS\OneDrive\바탕 화면\API_Project\API_Project\API_Project\StageMaker.cpp(258,39): warning C4018: '<': signed 또는 unsigned가 일치하지 않습니다.
C:\Users\ASUS\OneDrive\바탕 화면\API_Project\API_Project\API_Project\StageMaker.cpp(280,23): warning C4018: '<': signed 또는 unsigned가 일치하지 않습니다.
C:\Users\ASUS\OneDrive\바탕 화면\API_Project\API_Project\API_Project\StageMaker.cpp(282,27): warning C4018: '<': signed 또는 unsigned가 일치하지 않습니다.
C:\Users\ASUS\OneDrive\바탕 화면\API_Project\API_Project\API_Project\StageMaker.cpp(288,49): warning C4244: '인수': 'double'에서 'float'(으)로 변환하면서 데이터가 손실될 수 있습니다.
C:\Users\ASUS\OneDrive\바탕 화면\API_Project\API_Project\API_Project\StageMaker.cpp(290,27): warning C4018: '<': signed 또는 unsigned가 일치하지 않습니다.
C:\Users\ASUS\OneDrive\바탕 화면\API_Project\API_Project\API_Project\StageMaker.cpp(295,71): warning C4244: '인수': 'double'에서 'float'(으)로 변환하면서 데이터가 손실될 수 있습니다.
C:\Users\ASUS\OneDrive\바탕 화면\API_Project\API_Project\API_Project\StageMaker.cpp(295,53): warning C4244: '인수': 'double'에서 'float'(으)로 변환하면서 데이터가 손실될 수 있습니다.
  StartScene.cpp
  WindowFrame.cpp
  game.cpp
  main.cpp
  코드를 생성하고 있습니다...
  API_Project.vcxproj -> C:\Users\ASUS\OneDrive\바탕 화면\API_Project\API_Project\API_Project\Debug\API_Project.exe
