  CollisionManager.cpp
C:\Users\user\Desktop\API_Project\API_Project\Solution_Kirby\EngineFramework\AnimationManager.h(14,2): warning C4091: 'static ': 변수를 선언하지 않으면 'AnimationManager' 왼쪽은 무시됩니다.
  (소스 파일 'CollisionManager.cpp'을(를) 컴파일하는 중)
  
C:\Users\user\Desktop\API_Project\API_Project\Solution_Kirby\EngineFramework\CollisionManager.cpp(69,111): warning C4244: '인수': 'double'에서 'int'(으)로 변환하면서 데이터가 손실될 수 있습니다.
C:\Users\user\Desktop\API_Project\API_Project\Solution_Kirby\EngineFramework\CollisionManager.cpp(69,65): warning C4244: '인수': 'double'에서 'int'(으)로 변환하면서 데이터가 손실될 수 있습니다.
C:\Users\user\Desktop\API_Project\API_Project\Solution_Kirby\EngineFramework\CollisionManager.cpp(70,112): warning C4244: '인수': 'double'에서 'int'(으)로 변환하면서 데이터가 손실될 수 있습니다.
C:\Users\user\Desktop\API_Project\API_Project\Solution_Kirby\EngineFramework\CollisionManager.cpp(70,63): warning C4244: '인수': 'double'에서 'int'(으)로 변환하면서 데이터가 손실될 수 있습니다.
C:\Users\user\Desktop\API_Project\API_Project\Solution_Kirby\EngineFramework\CollisionManager.cpp(71,112): warning C4244: '인수': 'double'에서 'int'(으)로 변환하면서 데이터가 손실될 수 있습니다.
C:\Users\user\Desktop\API_Project\API_Project\Solution_Kirby\EngineFramework\CollisionManager.cpp(71,73): warning C4244: '인수': 'double'에서 'int'(으)로 변환하면서 데이터가 손실될 수 있습니다.
C:\Users\user\Desktop\API_Project\API_Project\Solution_Kirby\EngineFramework\CollisionManager.cpp(72,111): warning C4244: '인수': 'double'에서 'int'(으)로 변환하면서 데이터가 손실될 수 있습니다.
C:\Users\user\Desktop\API_Project\API_Project\Solution_Kirby\EngineFramework\CollisionManager.cpp(72,72): warning C4244: '인수': 'double'에서 'int'(으)로 변환하면서 데이터가 손실될 수 있습니다.
C:\Users\user\Desktop\API_Project\API_Project\Solution_Kirby\EngineFramework\CollisionManager.cpp(82,41): warning C4838: 'double'에서 'LONG'(으)로의 변환에는 축소 변환이 필요합니다.
C:\Users\user\Desktop\API_Project\API_Project\Solution_Kirby\EngineFramework\CollisionManager.cpp(82,41): warning C4244: '초기화 중': 'double'에서 'LONG'(으)로 변환하면서 데이터가 손실될 수 있습니다.
C:\Users\user\Desktop\API_Project\API_Project\Solution_Kirby\EngineFramework\CollisionManager.cpp(83,41): warning C4838: 'double'에서 'LONG'(으)로의 변환에는 축소 변환이 필요합니다.
C:\Users\user\Desktop\API_Project\API_Project\Solution_Kirby\EngineFramework\CollisionManager.cpp(83,41): warning C4244: '초기화 중': 'double'에서 'LONG'(으)로 변환하면서 데이터가 손실될 수 있습니다.
C:\Users\user\Desktop\API_Project\API_Project\Solution_Kirby\EngineFramework\CollisionManager.cpp(84,65): warning C4838: 'double'에서 'LONG'(으)로의 변환에는 축소 변환이 필요합니다.
C:\Users\user\Desktop\API_Project\API_Project\Solution_Kirby\EngineFramework\CollisionManager.cpp(84,65): warning C4244: '초기화 중': 'double'에서 'LONG'(으)로 변환하면서 데이터가 손실될 수 있습니다.
C:\Users\user\Desktop\API_Project\API_Project\Solution_Kirby\EngineFramework\CollisionManager.cpp(85,65): warning C4838: 'double'에서 'LONG'(으)로의 변환에는 축소 변환이 필요합니다.
C:\Users\user\Desktop\API_Project\API_Project\Solution_Kirby\EngineFramework\CollisionManager.cpp(85,65): warning C4244: '초기화 중': 'double'에서 'LONG'(으)로 변환하면서 데이터가 손실될 수 있습니다.
C:\Users\user\Desktop\API_Project\API_Project\Solution_Kirby\EngineFramework\CollisionManager.cpp(151,81): warning C4244: '인수': 'double'에서 'int'(으)로 변환하면서 데이터가 손실될 수 있습니다.
C:\Users\user\Desktop\API_Project\API_Project\Solution_Kirby\EngineFramework\CollisionManager.cpp(150,81): warning C4244: '인수': 'double'에서 'int'(으)로 변환하면서 데이터가 손실될 수 있습니다.
C:\Users\user\Desktop\API_Project\API_Project\Solution_Kirby\EngineFramework\CollisionManager.cpp(257,23): warning C4267: 'return': 'size_t'에서 'int'(으)로 변환하면서 데이터가 손실될 수 있습니다.
  EngineFramework.vcxproj -> C:\Users\user\Desktop\API_Project\API_Project\Solution_Kirby\x64\Debug\EngineFramework.lib
