  AnimationManager.cpp
C:\Users\ASUS\OneDrive\바탕 화면\API_Project\API_Project\API_Project\AnimationManager.h(14,2): warning C4091: 'static ': 변수를 선언하지 않으면 'AnimationManager' 왼쪽은 무시됩니다.
  AnimationRender.cpp
C:\Users\ASUS\OneDrive\바탕 화면\API_Project\API_Project\API_Project\AnimationManager.h(14,2): warning C4091: 'static ': 변수를 선언하지 않으면 'AnimationManager' 왼쪽은 무시됩니다.
C:\Users\ASUS\OneDrive\바탕 화면\API_Project\API_Project\API_Project\AnimationRender.cpp(40,54): warning C4244: '+=': 'double'에서 'float'(으)로 변환하면서 데이터가 손실될 수 있습니다.
  AttackEvent.cpp
C:\Users\ASUS\OneDrive\바탕 화면\API_Project\API_Project\API_Project\AnimationManager.h(14,2): warning C4091: 'static ': 변수를 선언하지 않으면 'AnimationManager' 왼쪽은 무시됩니다.
  AttakObject.cpp
C:\Users\ASUS\OneDrive\바탕 화면\API_Project\API_Project\API_Project\AnimationManager.h(14,2): warning C4091: 'static ': 변수를 선언하지 않으면 'AnimationManager' 왼쪽은 무시됩니다.
  BitmapRender.cpp
C:\Users\ASUS\OneDrive\바탕 화면\API_Project\API_Project\API_Project\AnimationManager.h(14,2): warning C4091: 'static ': 변수를 선언하지 않으면 'AnimationManager' 왼쪽은 무시됩니다.
C:\Users\ASUS\OneDrive\바탕 화면\API_Project\API_Project\API_Project\BitmapRender.cpp(60,30): warning C4244: '인수': 'double'에서 'int'(으)로 변환하면서 데이터가 손실될 수 있습니다.
C:\Users\ASUS\OneDrive\바탕 화면\API_Project\API_Project\API_Project\BitmapRender.cpp(59,30): warning C4244: '인수': 'double'에서 'int'(으)로 변환하면서 데이터가 손실될 수 있습니다.
C:\Users\ASUS\OneDrive\바탕 화면\API_Project\API_Project\API_Project\BitmapRender.cpp(58,37): warning C4244: '인수': 'double'에서 'int'(으)로 변환하면서 데이터가 손실될 수 있습니다.
C:\Users\ASUS\OneDrive\바탕 화면\API_Project\API_Project\API_Project\BitmapRender.cpp(57,37): warning C4244: '인수': 'double'에서 'int'(으)로 변환하면서 데이터가 손실될 수 있습니다.
  BoxCollider.cpp
C:\Users\ASUS\OneDrive\바탕 화면\API_Project\API_Project\API_Project\AnimationManager.h(14,2): warning C4091: 'static ': 변수를 선언하지 않으면 'AnimationManager' 왼쪽은 무시됩니다.
  Buffer.cpp
C:\Users\ASUS\OneDrive\바탕 화면\API_Project\API_Project\API_Project\AnimationManager.h(14,2): warning C4091: 'static ': 변수를 선언하지 않으면 'AnimationManager' 왼쪽은 무시됩니다.
  Camera.cpp
C:\Users\ASUS\OneDrive\바탕 화면\API_Project\API_Project\API_Project\AnimationManager.h(14,2): warning C4091: 'static ': 변수를 선언하지 않으면 'AnimationManager' 왼쪽은 무시됩니다.
  ChangeObject.cpp
C:\Users\ASUS\OneDrive\바탕 화면\API_Project\API_Project\API_Project\AnimationManager.h(14,2): warning C4091: 'static ': 변수를 선언하지 않으면 'AnimationManager' 왼쪽은 무시됩니다.
  Collider.cpp
C:\Users\ASUS\OneDrive\바탕 화면\API_Project\API_Project\API_Project\AnimationManager.h(14,2): warning C4091: 'static ': 변수를 선언하지 않으면 'AnimationManager' 왼쪽은 무시됩니다.
C:\Users\ASUS\OneDrive\바탕 화면\API_Project\API_Project\API_Project\Collider.cpp(57,34): warning C4244: '인수': 'double'에서 'int'(으)로 변환하면서 데이터가 손실될 수 있습니다.
C:\Users\ASUS\OneDrive\바탕 화면\API_Project\API_Project\API_Project\Collider.cpp(57,23): warning C4244: '인수': 'double'에서 'int'(으)로 변환하면서 데이터가 손실될 수 있습니다.
C:\Users\ASUS\OneDrive\바탕 화면\API_Project\API_Project\API_Project\Collider.cpp(58,34): warning C4244: '인수': 'double'에서 'int'(으)로 변환하면서 데이터가 손실될 수 있습니다.
C:\Users\ASUS\OneDrive\바탕 화면\API_Project\API_Project\API_Project\Collider.cpp(58,23): warning C4244: '인수': 'double'에서 'int'(으)로 변환하면서 데이터가 손실될 수 있습니다.
C:\Users\ASUS\OneDrive\바탕 화면\API_Project\API_Project\API_Project\Collider.cpp(59,34): warning C4244: '인수': 'double'에서 'int'(으)로 변환하면서 데이터가 손실될 수 있습니다.
C:\Users\ASUS\OneDrive\바탕 화면\API_Project\API_Project\API_Project\Collider.cpp(59,23): warning C4244: '인수': 'double'에서 'int'(으)로 변환하면서 데이터가 손실될 수 있습니다.
C:\Users\ASUS\OneDrive\바탕 화면\API_Project\API_Project\API_Project\Collider.cpp(60,34): warning C4244: '인수': 'double'에서 'int'(으)로 변환하면서 데이터가 손실될 수 있습니다.
C:\Users\ASUS\OneDrive\바탕 화면\API_Project\API_Project\API_Project\Collider.cpp(60,21): warning C4244: '인수': 'double'에서 'int'(으)로 변환하면서 데이터가 손실될 수 있습니다.
C:\Users\ASUS\OneDrive\바탕 화면\API_Project\API_Project\API_Project\Collider.cpp(61,38): warning C4244: '인수': 'double'에서 'int'(으)로 변환하면서 데이터가 손실될 수 있습니다.
C:\Users\ASUS\OneDrive\바탕 화면\API_Project\API_Project\API_Project\Collider.cpp(61,25): warning C4244: '인수': 'double'에서 'int'(으)로 변환하면서 데이터가 손실될 수 있습니다.
C:\Users\ASUS\OneDrive\바탕 화면\API_Project\API_Project\API_Project\Collider.cpp(62,34): warning C4244: '인수': 'double'에서 'int'(으)로 변환하면서 데이터가 손실될 수 있습니다.
C:\Users\ASUS\OneDrive\바탕 화면\API_Project\API_Project\API_Project\Collider.cpp(62,21): warning C4244: '인수': 'double'에서 'int'(으)로 변환하면서 데이터가 손실될 수 있습니다.
C:\Users\ASUS\OneDrive\바탕 화면\API_Project\API_Project\API_Project\Collider.cpp(63,38): warning C4244: '인수': 'double'에서 'int'(으)로 변환하면서 데이터가 손실될 수 있습니다.
C:\Users\ASUS\OneDrive\바탕 화면\API_Project\API_Project\API_Project\Collider.cpp(63,25): warning C4244: '인수': 'double'에서 'int'(으)로 변환하면서 데이터가 손실될 수 있습니다.
C:\Users\ASUS\OneDrive\바탕 화면\API_Project\API_Project\API_Project\Collider.cpp(64,34): warning C4244: '인수': 'double'에서 'int'(으)로 변환하면서 데이터가 손실될 수 있습니다.
C:\Users\ASUS\OneDrive\바탕 화면\API_Project\API_Project\API_Project\Collider.cpp(64,23): warning C4244: '인수': 'double'에서 'int'(으)로 변환하면서 데이터가 손실될 수 있습니다.
  CollisionManager.cpp
C:\Users\ASUS\OneDrive\바탕 화면\API_Project\API_Project\API_Project\AnimationManager.h(14,2): warning C4091: 'static ': 변수를 선언하지 않으면 'AnimationManager' 왼쪽은 무시됩니다.
C:\Users\ASUS\OneDrive\바탕 화면\API_Project\API_Project\API_Project\CollisionManager.cpp(69,111): warning C4244: '인수': 'double'에서 'int'(으)로 변환하면서 데이터가 손실될 수 있습니다.
C:\Users\ASUS\OneDrive\바탕 화면\API_Project\API_Project\API_Project\CollisionManager.cpp(69,65): warning C4244: '인수': 'double'에서 'int'(으)로 변환하면서 데이터가 손실될 수 있습니다.
C:\Users\ASUS\OneDrive\바탕 화면\API_Project\API_Project\API_Project\CollisionManager.cpp(70,112): warning C4244: '인수': 'double'에서 'int'(으)로 변환하면서 데이터가 손실될 수 있습니다.
C:\Users\ASUS\OneDrive\바탕 화면\API_Project\API_Project\API_Project\CollisionManager.cpp(70,63): warning C4244: '인수': 'double'에서 'int'(으)로 변환하면서 데이터가 손실될 수 있습니다.
C:\Users\ASUS\OneDrive\바탕 화면\API_Project\API_Project\API_Project\CollisionManager.cpp(71,112): warning C4244: '인수': 'double'에서 'int'(으)로 변환하면서 데이터가 손실될 수 있습니다.
C:\Users\ASUS\OneDrive\바탕 화면\API_Project\API_Project\API_Project\CollisionManager.cpp(71,73): warning C4244: '인수': 'double'에서 'int'(으)로 변환하면서 데이터가 손실될 수 있습니다.
C:\Users\ASUS\OneDrive\바탕 화면\API_Project\API_Project\API_Project\CollisionManager.cpp(72,111): warning C4244: '인수': 'double'에서 'int'(으)로 변환하면서 데이터가 손실될 수 있습니다.
C:\Users\ASUS\OneDrive\바탕 화면\API_Project\API_Project\API_Project\CollisionManager.cpp(72,72): warning C4244: '인수': 'double'에서 'int'(으)로 변환하면서 데이터가 손실될 수 있습니다.
C:\Users\ASUS\OneDrive\바탕 화면\API_Project\API_Project\API_Project\CollisionManager.cpp(82,41): warning C4838: 'double'에서 'LONG'(으)로의 변환에는 축소 변환이 필요합니다.
C:\Users\ASUS\OneDrive\바탕 화면\API_Project\API_Project\API_Project\CollisionManager.cpp(82,41): warning C4244: '초기화 중': 'double'에서 'LONG'(으)로 변환하면서 데이터가 손실될 수 있습니다.
C:\Users\ASUS\OneDrive\바탕 화면\API_Project\API_Project\API_Project\CollisionManager.cpp(83,41): warning C4838: 'double'에서 'LONG'(으)로의 변환에는 축소 변환이 필요합니다.
C:\Users\ASUS\OneDrive\바탕 화면\API_Project\API_Project\API_Project\CollisionManager.cpp(83,41): warning C4244: '초기화 중': 'double'에서 'LONG'(으)로 변환하면서 데이터가 손실될 수 있습니다.
C:\Users\ASUS\OneDrive\바탕 화면\API_Project\API_Project\API_Project\CollisionManager.cpp(84,65): warning C4838: 'double'에서 'LONG'(으)로의 변환에는 축소 변환이 필요합니다.
C:\Users\ASUS\OneDrive\바탕 화면\API_Project\API_Project\API_Project\CollisionManager.cpp(84,65): warning C4244: '초기화 중': 'double'에서 'LONG'(으)로 변환하면서 데이터가 손실될 수 있습니다.
C:\Users\ASUS\OneDrive\바탕 화면\API_Project\API_Project\API_Project\CollisionManager.cpp(85,65): warning C4838: 'double'에서 'LONG'(으)로의 변환에는 축소 변환이 필요합니다.
C:\Users\ASUS\OneDrive\바탕 화면\API_Project\API_Project\API_Project\CollisionManager.cpp(85,65): warning C4244: '초기화 중': 'double'에서 'LONG'(으)로 변환하면서 데이터가 손실될 수 있습니다.
C:\Users\ASUS\OneDrive\바탕 화면\API_Project\API_Project\API_Project\CollisionManager.cpp(151,81): warning C4244: '인수': 'double'에서 'int'(으)로 변환하면서 데이터가 손실될 수 있습니다.
C:\Users\ASUS\OneDrive\바탕 화면\API_Project\API_Project\API_Project\CollisionManager.cpp(150,45): warning C4244: '인수': 'double'에서 'int'(으)로 변환하면서 데이터가 손실될 수 있습니다.
C:\Users\ASUS\OneDrive\바탕 화면\API_Project\API_Project\API_Project\CollisionManager.cpp(236,46): warning C4244: '+=': 'double'에서 'LONG'(으)로 변환하면서 데이터가 손실될 수 있습니다.
C:\Users\ASUS\OneDrive\바탕 화면\API_Project\API_Project\API_Project\CollisionManager.cpp(237,47): warning C4244: '+=': 'double'에서 'LONG'(으)로 변환하면서 데이터가 손실될 수 있습니다.
C:\Users\ASUS\OneDrive\바탕 화면\API_Project\API_Project\API_Project\CollisionManager.cpp(238,45): warning C4244: '+=': 'double'에서 'LONG'(으)로 변환하면서 데이터가 손실될 수 있습니다.
C:\Users\ASUS\OneDrive\바탕 화면\API_Project\API_Project\API_Project\CollisionManager.cpp(239,48): warning C4244: '+=': 'double'에서 'LONG'(으)로 변환하면서 데이터가 손실될 수 있습니다.
C:\Users\ASUS\OneDrive\바탕 화면\API_Project\API_Project\API_Project\CollisionManager.cpp(256,23): warning C4267: 'return': 'size_t'에서 'int'(으)로 변환하면서 데이터가 손실될 수 있습니다.
  Component.cpp
C:\Users\ASUS\OneDrive\바탕 화면\API_Project\API_Project\API_Project\AnimationManager.h(14,2): warning C4091: 'static ': 변수를 선언하지 않으면 'AnimationManager' 왼쪽은 무시됩니다.
  DebugWindow.cpp
C:\Users\ASUS\OneDrive\바탕 화면\API_Project\API_Project\API_Project\AnimationManager.h(14,2): warning C4091: 'static ': 변수를 선언하지 않으면 'AnimationManager' 왼쪽은 무시됩니다.
C:\Users\ASUS\OneDrive\바탕 화면\API_Project\API_Project\API_Project\DebugWindow.cpp(27,26): warning C4838: 'double'에서 'LONG'(으)로의 변환에는 축소 변환이 필요합니다.
C:\Users\ASUS\OneDrive\바탕 화면\API_Project\API_Project\API_Project\DebugWindow.cpp(27,26): warning C4244: '초기화 중': 'double'에서 'LONG'(으)로 변환하면서 데이터가 손실될 수 있습니다.
C:\Users\ASUS\OneDrive\바탕 화면\API_Project\API_Project\API_Project\DebugWindow.cpp(28,26): warning C4838: 'double'에서 'LONG'(으)로의 변환에는 축소 변환이 필요합니다.
C:\Users\ASUS\OneDrive\바탕 화면\API_Project\API_Project\API_Project\DebugWindow.cpp(28,26): warning C4244: '초기화 중': 'double'에서 'LONG'(으)로 변환하면서 데이터가 손실될 수 있습니다.
C:\Users\ASUS\OneDrive\바탕 화면\API_Project\API_Project\API_Project\DebugWindow.cpp(29,62): warning C4838: 'double'에서 'LONG'(으)로의 변환에는 축소 변환이 필요합니다.
C:\Users\ASUS\OneDrive\바탕 화면\API_Project\API_Project\API_Project\DebugWindow.cpp(29,62): warning C4244: '초기화 중': 'double'에서 'LONG'(으)로 변환하면서 데이터가 손실될 수 있습니다.
C:\Users\ASUS\OneDrive\바탕 화면\API_Project\API_Project\API_Project\DebugWindow.cpp(30,62): warning C4838: 'double'에서 'LONG'(으)로의 변환에는 축소 변환이 필요합니다.
C:\Users\ASUS\OneDrive\바탕 화면\API_Project\API_Project\API_Project\DebugWindow.cpp(30,62): warning C4244: '초기화 중': 'double'에서 'LONG'(으)로 변환하면서 데이터가 손실될 수 있습니다.
  Edit.cpp
C:\Users\ASUS\OneDrive\바탕 화면\API_Project\API_Project\API_Project\AnimationManager.h(14,2): warning C4091: 'static ': 변수를 선언하지 않으면 'AnimationManager' 왼쪽은 무시됩니다.
C:\Users\ASUS\OneDrive\바탕 화면\API_Project\API_Project\API_Project\Edit.cpp(453,78): warning C4244: '인수': 'double'에서 'int'(으)로 변환하면서 데이터가 손실될 수 있습니다.
C:\Users\ASUS\OneDrive\바탕 화면\API_Project\API_Project\API_Project\Edit.cpp(453,41): warning C4244: '인수': 'double'에서 'int'(으)로 변환하면서 데이터가 손실될 수 있습니다.
C:\Users\ASUS\OneDrive\바탕 화면\API_Project\API_Project\API_Project\Edit.cpp(455,93): warning C4244: '인수': 'double'에서 'int'(으)로 변환하면서 데이터가 손실될 수 있습니다.
C:\Users\ASUS\OneDrive\바탕 화면\API_Project\API_Project\API_Project\Edit.cpp(455,41): warning C4244: '인수': 'double'에서 'int'(으)로 변환하면서 데이터가 손실될 수 있습니다.
C:\Users\ASUS\OneDrive\바탕 화면\API_Project\API_Project\API_Project\Edit.cpp(460,78): warning C4244: '인수': 'double'에서 'int'(으)로 변환하면서 데이터가 손실될 수 있습니다.
C:\Users\ASUS\OneDrive\바탕 화면\API_Project\API_Project\API_Project\Edit.cpp(460,13): warning C4244: '인수': 'double'에서 'int'(으)로 변환하면서 데이터가 손실될 수 있습니다.
C:\Users\ASUS\OneDrive\바탕 화면\API_Project\API_Project\API_Project\Edit.cpp(462,93): warning C4244: '인수': 'double'에서 'int'(으)로 변환하면서 데이터가 손실될 수 있습니다.
C:\Users\ASUS\OneDrive\바탕 화면\API_Project\API_Project\API_Project\Edit.cpp(462,28): warning C4244: '인수': 'double'에서 'int'(으)로 변환하면서 데이터가 손실될 수 있습니다.
C:\Users\ASUS\OneDrive\바탕 화면\API_Project\API_Project\API_Project\Edit.cpp(469,103): warning C4244: '인수': 'double'에서 'float'(으)로 변환하면서 데이터가 손실될 수 있습니다.
C:\Users\ASUS\OneDrive\바탕 화면\API_Project\API_Project\API_Project\Edit.cpp(469,65): warning C4244: '인수': 'double'에서 'float'(으)로 변환하면서 데이터가 손실될 수 있습니다.
C:\Users\ASUS\OneDrive\바탕 화면\API_Project\API_Project\API_Project\Edit.cpp(474,103): warning C4244: '인수': 'double'에서 'float'(으)로 변환하면서 데이터가 손실될 수 있습니다.
C:\Users\ASUS\OneDrive\바탕 화면\API_Project\API_Project\API_Project\Edit.cpp(474,65): warning C4244: '인수': 'double'에서 'float'(으)로 변환하면서 데이터가 손실될 수 있습니다.
C:\Users\ASUS\OneDrive\바탕 화면\API_Project\API_Project\API_Project\Edit.cpp(479,112): warning C4244: '인수': 'double'에서 'float'(으)로 변환하면서 데이터가 손실될 수 있습니다.
C:\Users\ASUS\OneDrive\바탕 화면\API_Project\API_Project\API_Project\Edit.cpp(479,68): warning C4244: '인수': 'double'에서 'float'(으)로 변환하면서 데이터가 손실될 수 있습니다.
C:\Users\ASUS\OneDrive\바탕 화면\API_Project\API_Project\API_Project\Edit.cpp(484,112): warning C4244: '인수': 'double'에서 'float'(으)로 변환하면서 데이터가 손실될 수 있습니다.
C:\Users\ASUS\OneDrive\바탕 화면\API_Project\API_Project\API_Project\Edit.cpp(484,68): warning C4244: '인수': 'double'에서 'float'(으)로 변환하면서 데이터가 손실될 수 있습니다.
C:\Users\ASUS\OneDrive\바탕 화면\API_Project\API_Project\API_Project\Edit.cpp(493,15): warning C4244: '초기화 중': 'double'에서 'int'(으)로 변환하면서 데이터가 손실될 수 있습니다.
C:\Users\ASUS\OneDrive\바탕 화면\API_Project\API_Project\API_Project\Edit.cpp(494,15): warning C4244: '초기화 중': 'double'에서 'int'(으)로 변환하면서 데이터가 손실될 수 있습니다.
  EditerScene.cpp
C:\Users\ASUS\OneDrive\바탕 화면\API_Project\API_Project\API_Project\AnimationManager.h(14,2): warning C4091: 'static ': 변수를 선언하지 않으면 'AnimationManager' 왼쪽은 무시됩니다.
  GameObject.cpp
C:\Users\ASUS\OneDrive\바탕 화면\API_Project\API_Project\API_Project\AnimationManager.h(14,2): warning C4091: 'static ': 변수를 선언하지 않으면 'AnimationManager' 왼쪽은 무시됩니다.
C:\Users\ASUS\OneDrive\바탕 화면\API_Project\API_Project\API_Project\GameObject.cpp(141,22): warning C4838: 'double'에서 'LONG'(으)로의 변환에는 축소 변환이 필요합니다.
C:\Users\ASUS\OneDrive\바탕 화면\API_Project\API_Project\API_Project\GameObject.cpp(141,22): warning C4244: '초기화 중': 'double'에서 'LONG'(으)로 변환하면서 데이터가 손실될 수 있습니다.
C:\Users\ASUS\OneDrive\바탕 화면\API_Project\API_Project\API_Project\GameObject.cpp(142,22): warning C4838: 'double'에서 'LONG'(으)로의 변환에는 축소 변환이 필요합니다.
C:\Users\ASUS\OneDrive\바탕 화면\API_Project\API_Project\API_Project\GameObject.cpp(142,22): warning C4244: '초기화 중': 'double'에서 'LONG'(으)로 변환하면서 데이터가 손실될 수 있습니다.
C:\Users\ASUS\OneDrive\바탕 화면\API_Project\API_Project\API_Project\GameObject.cpp(143,58): warning C4838: 'double'에서 'LONG'(으)로의 변환에는 축소 변환이 필요합니다.
C:\Users\ASUS\OneDrive\바탕 화면\API_Project\API_Project\API_Project\GameObject.cpp(143,58): warning C4244: '초기화 중': 'double'에서 'LONG'(으)로 변환하면서 데이터가 손실될 수 있습니다.
C:\Users\ASUS\OneDrive\바탕 화면\API_Project\API_Project\API_Project\GameObject.cpp(144,52): warning C4838: 'double'에서 'LONG'(으)로의 변환에는 축소 변환이 필요합니다.
C:\Users\ASUS\OneDrive\바탕 화면\API_Project\API_Project\API_Project\GameObject.cpp(144,52): warning C4244: '초기화 중': 'double'에서 'LONG'(으)로 변환하면서 데이터가 손실될 수 있습니다.
C:\Users\ASUS\OneDrive\바탕 화면\API_Project\API_Project\API_Project\GameObject.cpp(208,23): warning C4838: 'double'에서 'LONG'(으)로의 변환에는 축소 변환이 필요합니다.
C:\Users\ASUS\OneDrive\바탕 화면\API_Project\API_Project\API_Project\GameObject.cpp(208,23): warning C4244: '초기화 중': 'double'에서 'LONG'(으)로 변환하면서 데이터가 손실될 수 있습니다.
C:\Users\ASUS\OneDrive\바탕 화면\API_Project\API_Project\API_Project\GameObject.cpp(209,23): warning C4838: 'double'에서 'LONG'(으)로의 변환에는 축소 변환이 필요합니다.
C:\Users\ASUS\OneDrive\바탕 화면\API_Project\API_Project\API_Project\GameObject.cpp(209,23): warning C4244: '초기화 중': 'double'에서 'LONG'(으)로 변환하면서 데이터가 손실될 수 있습니다.
C:\Users\ASUS\OneDrive\바탕 화면\API_Project\API_Project\API_Project\GameObject.cpp(210,59): warning C4838: 'double'에서 'LONG'(으)로의 변환에는 축소 변환이 필요합니다.
C:\Users\ASUS\OneDrive\바탕 화면\API_Project\API_Project\API_Project\GameObject.cpp(210,59): warning C4244: '초기화 중': 'double'에서 'LONG'(으)로 변환하면서 데이터가 손실될 수 있습니다.
C:\Users\ASUS\OneDrive\바탕 화면\API_Project\API_Project\API_Project\GameObject.cpp(211,59): warning C4838: 'double'에서 'LONG'(으)로의 변환에는 축소 변환이 필요합니다.
C:\Users\ASUS\OneDrive\바탕 화면\API_Project\API_Project\API_Project\GameObject.cpp(211,59): warning C4244: '초기화 중': 'double'에서 'LONG'(으)로 변환하면서 데이터가 손실될 수 있습니다.
C:\Users\ASUS\OneDrive\바탕 화면\API_Project\API_Project\API_Project\GameObject.cpp(227,22): warning C4838: 'double'에서 'LONG'(으)로의 변환에는 축소 변환이 필요합니다.
C:\Users\ASUS\OneDrive\바탕 화면\API_Project\API_Project\API_Project\GameObject.cpp(227,22): warning C4244: '초기화 중': 'double'에서 'LONG'(으)로 변환하면서 데이터가 손실될 수 있습니다.
C:\Users\ASUS\OneDrive\바탕 화면\API_Project\API_Project\API_Project\GameObject.cpp(228,22): warning C4838: 'double'에서 'LONG'(으)로의 변환에는 축소 변환이 필요합니다.
C:\Users\ASUS\OneDrive\바탕 화면\API_Project\API_Project\API_Project\GameObject.cpp(228,22): warning C4244: '초기화 중': 'double'에서 'LONG'(으)로 변환하면서 데이터가 손실될 수 있습니다.
C:\Users\ASUS\OneDrive\바탕 화면\API_Project\API_Project\API_Project\GameObject.cpp(229,58): warning C4838: 'double'에서 'LONG'(으)로의 변환에는 축소 변환이 필요합니다.
C:\Users\ASUS\OneDrive\바탕 화면\API_Project\API_Project\API_Project\GameObject.cpp(229,58): warning C4244: '초기화 중': 'double'에서 'LONG'(으)로 변환하면서 데이터가 손실될 수 있습니다.
C:\Users\ASUS\OneDrive\바탕 화면\API_Project\API_Project\API_Project\GameObject.cpp(230,58): warning C4838: 'double'에서 'LONG'(으)로의 변환에는 축소 변환이 필요합니다.
C:\Users\ASUS\OneDrive\바탕 화면\API_Project\API_Project\API_Project\GameObject.cpp(230,58): warning C4244: '초기화 중': 'double'에서 'LONG'(으)로 변환하면서 데이터가 손실될 수 있습니다.
C:\Users\ASUS\OneDrive\바탕 화면\API_Project\API_Project\API_Project\GameObject.cpp(246,22): warning C4838: 'double'에서 'LONG'(으)로의 변환에는 축소 변환이 필요합니다.
C:\Users\ASUS\OneDrive\바탕 화면\API_Project\API_Project\API_Project\GameObject.cpp(246,22): warning C4244: '초기화 중': 'double'에서 'LONG'(으)로 변환하면서 데이터가 손실될 수 있습니다.
C:\Users\ASUS\OneDrive\바탕 화면\API_Project\API_Project\API_Project\GameObject.cpp(247,22): warning C4838: 'double'에서 'LONG'(으)로의 변환에는 축소 변환이 필요합니다.
C:\Users\ASUS\OneDrive\바탕 화면\API_Project\API_Project\API_Project\GameObject.cpp(247,22): warning C4244: '초기화 중': 'double'에서 'LONG'(으)로 변환하면서 데이터가 손실될 수 있습니다.
C:\Users\ASUS\OneDrive\바탕 화면\API_Project\API_Project\API_Project\GameObject.cpp(248,58): warning C4838: 'double'에서 'LONG'(으)로의 변환에는 축소 변환이 필요합니다.
C:\Users\ASUS\OneDrive\바탕 화면\API_Project\API_Project\API_Project\GameObject.cpp(248,58): warning C4244: '초기화 중': 'double'에서 'LONG'(으)로 변환하면서 데이터가 손실될 수 있습니다.
C:\Users\ASUS\OneDrive\바탕 화면\API_Project\API_Project\API_Project\GameObject.cpp(249,58): warning C4838: 'double'에서 'LONG'(으)로의 변환에는 축소 변환이 필요합니다.
C:\Users\ASUS\OneDrive\바탕 화면\API_Project\API_Project\API_Project\GameObject.cpp(249,58): warning C4244: '초기화 중': 'double'에서 'LONG'(으)로 변환하면서 데이터가 손실될 수 있습니다.
C:\Users\ASUS\OneDrive\바탕 화면\API_Project\API_Project\API_Project\GameObject.cpp(265,23): warning C4838: 'double'에서 'LONG'(으)로의 변환에는 축소 변환이 필요합니다.
C:\Users\ASUS\OneDrive\바탕 화면\API_Project\API_Project\API_Project\GameObject.cpp(265,23): warning C4244: '초기화 중': 'double'에서 'LONG'(으)로 변환하면서 데이터가 손실될 수 있습니다.
C:\Users\ASUS\OneDrive\바탕 화면\API_Project\API_Project\API_Project\GameObject.cpp(266,23): warning C4838: 'double'에서 'LONG'(으)로의 변환에는 축소 변환이 필요합니다.
C:\Users\ASUS\OneDrive\바탕 화면\API_Project\API_Project\API_Project\GameObject.cpp(266,23): warning C4244: '초기화 중': 'double'에서 'LONG'(으)로 변환하면서 데이터가 손실될 수 있습니다.
C:\Users\ASUS\OneDrive\바탕 화면\API_Project\API_Project\API_Project\GameObject.cpp(267,59): warning C4838: 'double'에서 'LONG'(으)로의 변환에는 축소 변환이 필요합니다.
C:\Users\ASUS\OneDrive\바탕 화면\API_Project\API_Project\API_Project\GameObject.cpp(267,59): warning C4244: '초기화 중': 'double'에서 'LONG'(으)로 변환하면서 데이터가 손실될 수 있습니다.
C:\Users\ASUS\OneDrive\바탕 화면\API_Project\API_Project\API_Project\GameObject.cpp(268,59): warning C4838: 'double'에서 'LONG'(으)로의 변환에는 축소 변환이 필요합니다.
C:\Users\ASUS\OneDrive\바탕 화면\API_Project\API_Project\API_Project\GameObject.cpp(268,59): warning C4244: '초기화 중': 'double'에서 'LONG'(으)로 변환하면서 데이터가 손실될 수 있습니다.
  GameScene.cpp
C:\Users\ASUS\OneDrive\바탕 화면\API_Project\API_Project\API_Project\AnimationManager.h(14,2): warning C4091: 'static ': 변수를 선언하지 않으면 'AnimationManager' 왼쪽은 무시됩니다.
  game.cpp
C:\Users\ASUS\OneDrive\바탕 화면\API_Project\API_Project\API_Project\AnimationManager.h(14,2): warning C4091: 'static ': 변수를 선언하지 않으면 'AnimationManager' 왼쪽은 무시됩니다.
  InputString.cpp
C:\Users\ASUS\OneDrive\바탕 화면\API_Project\API_Project\API_Project\AnimationManager.h(14,2): warning C4091: 'static ': 변수를 선언하지 않으면 'AnimationManager' 왼쪽은 무시됩니다.
C:\Program Files\Microsoft Visual Studio\2022\Community\VC\Tools\MSVC\14.36.32532\include\xstring(2765,53): warning C4244: '인수': 'wchar_t'에서 'const _Elem'(으)로 변환하면서 데이터가 손실될 수 있습니다.
          with
          [
              _Elem=char
          ]
C:\Program Files\Microsoft Visual Studio\2022\Community\VC\Tools\MSVC\14.36.32532\include\xstring(2621,17): message : 컴파일되는 함수 템플릿 인스턴스화 'void std::basic_string<char,std::char_traits<char>,std::allocator<char>>::_Construct_from_iter<wchar_t*,wchar_t*,_Size_type>(_Iter,const _Sent,_Size)'에 대한 참조를 확인하세요.
          with
          [
              _Size_type=unsigned __int64,
              _Iter=wchar_t *,
              _Sent=wchar_t *,
              _Size=unsigned __int64
          ]
C:\Users\ASUS\OneDrive\바탕 화면\API_Project\API_Project\API_Project\InputString.cpp(44,18): message : 컴파일되는 함수 템플릿 인스턴스화 'std::basic_string<char,std::char_traits<char>,std::allocator<char>>::basic_string<std::_String_iterator<std::_String_val<std::_Simple_types<_Elem>>>,0>(_Iter,_Iter,const _Alloc &)'에 대한 참조를 확인하세요.
          with
          [
              _Elem=wchar_t,
              _Iter=std::_String_iterator<std::_String_val<std::_Simple_types<wchar_t>>>,
              _Alloc=std::allocator<char>
          ]
C:\Users\ASUS\OneDrive\바탕 화면\API_Project\API_Project\API_Project\InputString.cpp(44,18): message : 'InputString::GetString'에서 'std::basic_string<char,std::char_traits<char>,std::allocator<char>>::basic_string'에 대한 첫 번째 참조를 확인하세요.
  main.cpp
C:\Users\ASUS\OneDrive\바탕 화면\API_Project\API_Project\API_Project\AnimationManager.h(14,2): warning C4091: 'static ': 변수를 선언하지 않으면 'AnimationManager' 왼쪽은 무시됩니다.
  컴파일하고 있습니다...
  MainFrame.cpp
C:\Users\ASUS\OneDrive\바탕 화면\API_Project\API_Project\API_Project\AnimationManager.h(14,2): warning C4091: 'static ': 변수를 선언하지 않으면 'AnimationManager' 왼쪽은 무시됩니다.
  Mouse.cpp
C:\Users\ASUS\OneDrive\바탕 화면\API_Project\API_Project\API_Project\AnimationManager.h(14,2): warning C4091: 'static ': 변수를 선언하지 않으면 'AnimationManager' 왼쪽은 무시됩니다.
  ObjectManager.cpp
C:\Users\ASUS\OneDrive\바탕 화면\API_Project\API_Project\API_Project\AnimationManager.h(14,2): warning C4091: 'static ': 변수를 선언하지 않으면 'AnimationManager' 왼쪽은 무시됩니다.
C:\Users\ASUS\OneDrive\바탕 화면\API_Project\API_Project\API_Project\ObjectManager.cpp(185,24): warning C4267: 'return': 'size_t'에서 'int'(으)로 변환하면서 데이터가 손실될 수 있습니다.
  pch.cpp
C:\Users\ASUS\OneDrive\바탕 화면\API_Project\API_Project\API_Project\AnimationManager.h(14,2): warning C4091: 'static ': 변수를 선언하지 않으면 'AnimationManager' 왼쪽은 무시됩니다.
  Player.cpp
C:\Users\ASUS\OneDrive\바탕 화면\API_Project\API_Project\API_Project\AnimationManager.h(14,2): warning C4091: 'static ': 변수를 선언하지 않으면 'AnimationManager' 왼쪽은 무시됩니다.
C:\Users\ASUS\OneDrive\바탕 화면\API_Project\API_Project\API_Project\Player.cpp(486,44): warning C4244: '인수': 'double'에서 'float'(으)로 변환하면서 데이터가 손실될 수 있습니다.
C:\Users\ASUS\OneDrive\바탕 화면\API_Project\API_Project\API_Project\Player.cpp(485,44): warning C4244: '인수': 'double'에서 'float'(으)로 변환하면서 데이터가 손실될 수 있습니다.
C:\Users\ASUS\OneDrive\바탕 화면\API_Project\API_Project\API_Project\Player.cpp(508,47): warning C4244: '인수': 'double'에서 'float'(으)로 변환하면서 데이터가 손실될 수 있습니다.
C:\Users\ASUS\OneDrive\바탕 화면\API_Project\API_Project\API_Project\Player.cpp(508,14): warning C4244: '인수': 'double'에서 'float'(으)로 변환하면서 데이터가 손실될 수 있습니다.
C:\Users\ASUS\OneDrive\바탕 화면\API_Project\API_Project\API_Project\Player.cpp(509,48): warning C4244: '인수': 'double'에서 'float'(으)로 변환하면서 데이터가 손실될 수 있습니다.
C:\Users\ASUS\OneDrive\바탕 화면\API_Project\API_Project\API_Project\Player.cpp(509,14): warning C4244: '인수': 'double'에서 'float'(으)로 변환하면서 데이터가 손실될 수 있습니다.
C:\Users\ASUS\OneDrive\바탕 화면\API_Project\API_Project\API_Project\Player.cpp(511,54): warning C4244: '인수': 'double'에서 'float'(으)로 변환하면서 데이터가 손실될 수 있습니다.
C:\Users\ASUS\OneDrive\바탕 화면\API_Project\API_Project\API_Project\Player.cpp(511,41): warning C4244: '인수': 'double'에서 'float'(으)로 변환하면서 데이터가 손실될 수 있습니다.
  ColorButton.cpp
C:\Users\ASUS\OneDrive\바탕 화면\API_Project\API_Project\API_Project\AnimationManager.h(14,2): warning C4091: 'static ': 변수를 선언하지 않으면 'AnimationManager' 왼쪽은 무시됩니다.
C:\Users\ASUS\OneDrive\바탕 화면\API_Project\API_Project\API_Project\ColorButton.cpp(26,26): warning C4838: 'double'에서 'LONG'(으)로의 변환에는 축소 변환이 필요합니다.
C:\Users\ASUS\OneDrive\바탕 화면\API_Project\API_Project\API_Project\ColorButton.cpp(26,26): warning C4244: '초기화 중': 'double'에서 'LONG'(으)로 변환하면서 데이터가 손실될 수 있습니다.
C:\Users\ASUS\OneDrive\바탕 화면\API_Project\API_Project\API_Project\ColorButton.cpp(27,26): warning C4838: 'double'에서 'LONG'(으)로의 변환에는 축소 변환이 필요합니다.
C:\Users\ASUS\OneDrive\바탕 화면\API_Project\API_Project\API_Project\ColorButton.cpp(27,26): warning C4244: '초기화 중': 'double'에서 'LONG'(으)로 변환하면서 데이터가 손실될 수 있습니다.
C:\Users\ASUS\OneDrive\바탕 화면\API_Project\API_Project\API_Project\ColorButton.cpp(28,62): warning C4838: 'double'에서 'LONG'(으)로의 변환에는 축소 변환이 필요합니다.
C:\Users\ASUS\OneDrive\바탕 화면\API_Project\API_Project\API_Project\ColorButton.cpp(28,62): warning C4244: '초기화 중': 'double'에서 'LONG'(으)로 변환하면서 데이터가 손실될 수 있습니다.
C:\Users\ASUS\OneDrive\바탕 화면\API_Project\API_Project\API_Project\ColorButton.cpp(29,62): warning C4838: 'double'에서 'LONG'(으)로의 변환에는 축소 변환이 필요합니다.
C:\Users\ASUS\OneDrive\바탕 화면\API_Project\API_Project\API_Project\ColorButton.cpp(29,62): warning C4244: '초기화 중': 'double'에서 'LONG'(으)로 변환하면서 데이터가 손실될 수 있습니다.
  Rigidbody.cpp
C:\Users\ASUS\OneDrive\바탕 화면\API_Project\API_Project\API_Project\AnimationManager.h(14,2): warning C4091: 'static ': 변수를 선언하지 않으면 'AnimationManager' 왼쪽은 무시됩니다.
  SceneChanger.cpp
C:\Users\ASUS\OneDrive\바탕 화면\API_Project\API_Project\API_Project\AnimationManager.h(14,2): warning C4091: 'static ': 변수를 선언하지 않으면 'AnimationManager' 왼쪽은 무시됩니다.
  StageMaker.cpp
C:\Users\ASUS\OneDrive\바탕 화면\API_Project\API_Project\API_Project\AnimationManager.h(14,2): warning C4091: 'static ': 변수를 선언하지 않으면 'AnimationManager' 왼쪽은 무시됩니다.
C:\Users\ASUS\OneDrive\바탕 화면\API_Project\API_Project\API_Project\StageMaker.cpp(72,26): warning C4267: '초기화 중': 'size_t'에서 'int'(으)로 변환하면서 데이터가 손실될 수 있습니다.
C:\Users\ASUS\OneDrive\바탕 화면\API_Project\API_Project\API_Project\StageMaker.cpp(288,49): warning C4244: '인수': 'double'에서 'float'(으)로 변환하면서 데이터가 손실될 수 있습니다.
C:\Users\ASUS\OneDrive\바탕 화면\API_Project\API_Project\API_Project\StageMaker.cpp(295,71): warning C4244: '인수': 'double'에서 'float'(으)로 변환하면서 데이터가 손실될 수 있습니다.
C:\Users\ASUS\OneDrive\바탕 화면\API_Project\API_Project\API_Project\StageMaker.cpp(295,53): warning C4244: '인수': 'double'에서 'float'(으)로 변환하면서 데이터가 손실될 수 있습니다.
  StartScene.cpp
C:\Users\ASUS\OneDrive\바탕 화면\API_Project\API_Project\API_Project\AnimationManager.h(14,2): warning C4091: 'static ': 변수를 선언하지 않으면 'AnimationManager' 왼쪽은 무시됩니다.
  WindowFrame.cpp
C:\Users\ASUS\OneDrive\바탕 화면\API_Project\API_Project\API_Project\AnimationManager.h(14,2): warning C4091: 'static ': 변수를 선언하지 않으면 'AnimationManager' 왼쪽은 무시됩니다.
  코드를 생성하고 있습니다.
  Previous IPDB not found, fall back to full compilation.
  All 2029 functions were compiled because no usable IPDB/IOBJ from previous compilation was found.
  코드를 생성했습니다.
  API_Project.vcxproj -> C:\Users\ASUS\OneDrive\바탕 화면\API_Project\API_Project\API_Project\x64\Release\API_Project.exe
