  ChangeObject.cpp
  ColorButton.cpp
C:\Users\user\Desktop\API_Project\API_Project\API_Project\ColorButton.cpp(26,26): warning C4838: 'double'에서 'LONG'(으)로의 변환에는 축소 변환이 필요합니다.
  (소스 파일 '/ColorButton.cpp'을(를) 컴파일하는 중)
  
C:\Users\user\Desktop\API_Project\API_Project\API_Project\ColorButton.cpp(26,26): warning C4244: '초기화 중': 'double'에서 'LONG'(으)로 변환하면서 데이터가 손실될 수 있습니다.
  (소스 파일 '/ColorButton.cpp'을(를) 컴파일하는 중)
  
C:\Users\user\Desktop\API_Project\API_Project\API_Project\ColorButton.cpp(27,26): warning C4838: 'double'에서 'LONG'(으)로의 변환에는 축소 변환이 필요합니다.
  (소스 파일 '/ColorButton.cpp'을(를) 컴파일하는 중)
  
C:\Users\user\Desktop\API_Project\API_Project\API_Project\ColorButton.cpp(27,26): warning C4244: '초기화 중': 'double'에서 'LONG'(으)로 변환하면서 데이터가 손실될 수 있습니다.
  (소스 파일 '/ColorButton.cpp'을(를) 컴파일하는 중)
  
C:\Users\user\Desktop\API_Project\API_Project\API_Project\ColorButton.cpp(28,62): warning C4838: 'double'에서 'LONG'(으)로의 변환에는 축소 변환이 필요합니다.
  (소스 파일 '/ColorButton.cpp'을(를) 컴파일하는 중)
  
C:\Users\user\Desktop\API_Project\API_Project\API_Project\ColorButton.cpp(28,62): warning C4244: '초기화 중': 'double'에서 'LONG'(으)로 변환하면서 데이터가 손실될 수 있습니다.
  (소스 파일 '/ColorButton.cpp'을(를) 컴파일하는 중)
  
C:\Users\user\Desktop\API_Project\API_Project\API_Project\ColorButton.cpp(29,62): warning C4838: 'double'에서 'LONG'(으)로의 변환에는 축소 변환이 필요합니다.
  (소스 파일 '/ColorButton.cpp'을(를) 컴파일하는 중)
  
C:\Users\user\Desktop\API_Project\API_Project\API_Project\ColorButton.cpp(29,62): warning C4244: '초기화 중': 'double'에서 'LONG'(으)로 변환하면서 데이터가 손실될 수 있습니다.
  (소스 파일 '/ColorButton.cpp'을(를) 컴파일하는 중)
  
  GameScene.cpp
  MainFrame.cpp
  Player.cpp
C:\Users\user\Desktop\API_Project\API_Project\API_Project\Player.cpp(486,44): warning C4244: '인수': 'double'에서 'float'(으)로 변환하면서 데이터가 손실될 수 있습니다.
  (소스 파일 '/Player.cpp'을(를) 컴파일하는 중)
  
C:\Users\user\Desktop\API_Project\API_Project\API_Project\Player.cpp(485,44): warning C4244: '인수': 'double'에서 'float'(으)로 변환하면서 데이터가 손실될 수 있습니다.
  (소스 파일 '/Player.cpp'을(를) 컴파일하는 중)
  
C:\Users\user\Desktop\API_Project\API_Project\API_Project\Player.cpp(508,47): warning C4244: '인수': 'double'에서 'float'(으)로 변환하면서 데이터가 손실될 수 있습니다.
  (소스 파일 '/Player.cpp'을(를) 컴파일하는 중)
  
C:\Users\user\Desktop\API_Project\API_Project\API_Project\Player.cpp(508,14): warning C4244: '인수': 'double'에서 'float'(으)로 변환하면서 데이터가 손실될 수 있습니다.
  (소스 파일 '/Player.cpp'을(를) 컴파일하는 중)
  
C:\Users\user\Desktop\API_Project\API_Project\API_Project\Player.cpp(509,48): warning C4244: '인수': 'double'에서 'float'(으)로 변환하면서 데이터가 손실될 수 있습니다.
  (소스 파일 '/Player.cpp'을(를) 컴파일하는 중)
  
C:\Users\user\Desktop\API_Project\API_Project\API_Project\Player.cpp(509,14): warning C4244: '인수': 'double'에서 'float'(으)로 변환하면서 데이터가 손실될 수 있습니다.
  (소스 파일 '/Player.cpp'을(를) 컴파일하는 중)
  
C:\Users\user\Desktop\API_Project\API_Project\API_Project\Player.cpp(511,54): warning C4244: '인수': 'double'에서 'float'(으)로 변환하면서 데이터가 손실될 수 있습니다.
  (소스 파일 '/Player.cpp'을(를) 컴파일하는 중)
  
C:\Users\user\Desktop\API_Project\API_Project\API_Project\Player.cpp(511,41): warning C4244: '인수': 'double'에서 'float'(으)로 변환하면서 데이터가 손실될 수 있습니다.
  (소스 파일 '/Player.cpp'을(를) 컴파일하는 중)
  
  SceneChanger.cpp
  StageMaker.cpp
C:\Users\user\Desktop\API_Project\API_Project\API_Project\StageMaker.cpp(97,38): warning C4018: '>=': signed 또는 unsigned가 일치하지 않습니다.
  (소스 파일 '/StageMaker.cpp'을(를) 컴파일하는 중)
  
C:\Users\user\Desktop\API_Project\API_Project\API_Project\StageMaker.cpp(233,23): warning C4018: '<': signed 또는 unsigned가 일치하지 않습니다.
  (소스 파일 '/StageMaker.cpp'을(를) 컴파일하는 중)
  
C:\Users\user\Desktop\API_Project\API_Project\API_Project\StageMaker.cpp(237,21): warning C4018: '<': signed 또는 unsigned가 일치하지 않습니다.
  (소스 파일 '/StageMaker.cpp'을(를) 컴파일하는 중)
  
C:\Users\user\Desktop\API_Project\API_Project\API_Project\StageMaker.cpp(247,20): warning C4018: '<': signed 또는 unsigned가 일치하지 않습니다.
  (소스 파일 '/StageMaker.cpp'을(를) 컴파일하는 중)
  
C:\Users\user\Desktop\API_Project\API_Project\API_Project\StageMaker.cpp(249,21): warning C4018: '<': signed 또는 unsigned가 일치하지 않습니다.
  (소스 파일 '/StageMaker.cpp'을(를) 컴파일하는 중)
  
C:\Users\user\Desktop\API_Project\API_Project\API_Project\StageMaker.cpp(258,39): warning C4018: '<': signed 또는 unsigned가 일치하지 않습니다.
  (소스 파일 '/StageMaker.cpp'을(를) 컴파일하는 중)
  
C:\Users\user\Desktop\API_Project\API_Project\API_Project\StageMaker.cpp(280,23): warning C4018: '<': signed 또는 unsigned가 일치하지 않습니다.
  (소스 파일 '/StageMaker.cpp'을(를) 컴파일하는 중)
  
C:\Users\user\Desktop\API_Project\API_Project\API_Project\StageMaker.cpp(282,27): warning C4018: '<': signed 또는 unsigned가 일치하지 않습니다.
  (소스 파일 '/StageMaker.cpp'을(를) 컴파일하는 중)
  
C:\Users\user\Desktop\API_Project\API_Project\API_Project\StageMaker.cpp(288,49): warning C4244: '인수': 'double'에서 'float'(으)로 변환하면서 데이터가 손실될 수 있습니다.
  (소스 파일 '/StageMaker.cpp'을(를) 컴파일하는 중)
  
C:\Users\user\Desktop\API_Project\API_Project\API_Project\StageMaker.cpp(290,27): warning C4018: '<': signed 또는 unsigned가 일치하지 않습니다.
  (소스 파일 '/StageMaker.cpp'을(를) 컴파일하는 중)
  
C:\Users\user\Desktop\API_Project\API_Project\API_Project\StageMaker.cpp(295,71): warning C4244: '인수': 'double'에서 'float'(으)로 변환하면서 데이터가 손실될 수 있습니다.
  (소스 파일 '/StageMaker.cpp'을(를) 컴파일하는 중)
  
C:\Users\user\Desktop\API_Project\API_Project\API_Project\StageMaker.cpp(295,53): warning C4244: '인수': 'double'에서 'float'(으)로 변환하면서 데이터가 손실될 수 있습니다.
  (소스 파일 '/StageMaker.cpp'을(를) 컴파일하는 중)
  
  StartScene.cpp
  WindowFrame.cpp
  코드를 생성하고 있습니다...
  API_Project.vcxproj -> C:\Users\user\Desktop\API_Project\API_Project\API_Project\Debug\API_Project.exe
