  GameScene.cpp
C:\Users\user\Desktop\API_Project\API_Project\Solution_Kirby\EngineFramework\AnimationManager.h(14,2): warning C4091: 'static ': 변수를 선언하지 않으면 'AnimationManager' 왼쪽은 무시됩니다.
  (소스 파일 'GameScene.cpp'을(를) 컴파일하는 중)
  
  LandChecker.cpp
C:\Users\user\Desktop\API_Project\API_Project\Solution_Kirby\EngineFramework\AnimationManager.h(14,2): warning C4091: 'static ': 변수를 선언하지 않으면 'AnimationManager' 왼쪽은 무시됩니다.
  (소스 파일 'LandChecker.cpp'을(를) 컴파일하는 중)
  
  MonsterAI.cpp
C:\Users\user\Desktop\API_Project\API_Project\Solution_Kirby\EngineFramework\AnimationManager.h(14,2): warning C4091: 'static ': 변수를 선언하지 않으면 'AnimationManager' 왼쪽은 무시됩니다.
  (소스 파일 'MonsterAI.cpp'을(를) 컴파일하는 중)
  
  Player.cpp
C:\Users\user\Desktop\API_Project\API_Project\Solution_Kirby\EngineFramework\AnimationManager.h(14,2): warning C4091: 'static ': 변수를 선언하지 않으면 'AnimationManager' 왼쪽은 무시됩니다.
  (소스 파일 'Player.cpp'을(를) 컴파일하는 중)
  
C:\Users\user\Desktop\API_Project\API_Project\Solution_Kirby\KirbyGame\Player.cpp(485,44): warning C4244: '인수': 'double'에서 'float'(으)로 변환하면서 데이터가 손실될 수 있습니다.
C:\Users\user\Desktop\API_Project\API_Project\Solution_Kirby\KirbyGame\Player.cpp(484,44): warning C4244: '인수': 'double'에서 'float'(으)로 변환하면서 데이터가 손실될 수 있습니다.
C:\Users\user\Desktop\API_Project\API_Project\Solution_Kirby\KirbyGame\Player.cpp(507,47): warning C4244: '인수': 'double'에서 'float'(으)로 변환하면서 데이터가 손실될 수 있습니다.
C:\Users\user\Desktop\API_Project\API_Project\Solution_Kirby\KirbyGame\Player.cpp(507,14): warning C4244: '인수': 'double'에서 'float'(으)로 변환하면서 데이터가 손실될 수 있습니다.
C:\Users\user\Desktop\API_Project\API_Project\Solution_Kirby\KirbyGame\Player.cpp(508,48): warning C4244: '인수': 'double'에서 'float'(으)로 변환하면서 데이터가 손실될 수 있습니다.
C:\Users\user\Desktop\API_Project\API_Project\Solution_Kirby\KirbyGame\Player.cpp(508,14): warning C4244: '인수': 'double'에서 'float'(으)로 변환하면서 데이터가 손실될 수 있습니다.
C:\Users\user\Desktop\API_Project\API_Project\Solution_Kirby\KirbyGame\Player.cpp(510,54): warning C4244: '인수': 'double'에서 'float'(으)로 변환하면서 데이터가 손실될 수 있습니다.
C:\Users\user\Desktop\API_Project\API_Project\Solution_Kirby\KirbyGame\Player.cpp(510,41): warning C4244: '인수': 'double'에서 'float'(으)로 변환하면서 데이터가 손실될 수 있습니다.
  SceneChanger.cpp
C:\Users\user\Desktop\API_Project\API_Project\Solution_Kirby\EngineFramework\AnimationManager.h(14,2): warning C4091: 'static ': 변수를 선언하지 않으면 'AnimationManager' 왼쪽은 무시됩니다.
  (소스 파일 'SceneChanger.cpp'을(를) 컴파일하는 중)
  
  StageMaker.cpp
C:\Users\user\Desktop\API_Project\API_Project\Solution_Kirby\EngineFramework\AnimationManager.h(14,2): warning C4091: 'static ': 변수를 선언하지 않으면 'AnimationManager' 왼쪽은 무시됩니다.
  (소스 파일 'StageMaker.cpp'을(를) 컴파일하는 중)
  
C:\Users\user\Desktop\API_Project\API_Project\Solution_Kirby\KirbyGame\StageMaker.cpp(72,26): warning C4267: '초기화 중': 'size_t'에서 'int'(으)로 변환하면서 데이터가 손실될 수 있습니다.
C:\Users\user\Desktop\API_Project\API_Project\Solution_Kirby\KirbyGame\StageMaker.cpp(285,49): warning C4244: '인수': 'double'에서 'float'(으)로 변환하면서 데이터가 손실될 수 있습니다.
C:\Users\user\Desktop\API_Project\API_Project\Solution_Kirby\KirbyGame\StageMaker.cpp(292,71): warning C4244: '인수': 'double'에서 'float'(으)로 변환하면서 데이터가 손실될 수 있습니다.
C:\Users\user\Desktop\API_Project\API_Project\Solution_Kirby\KirbyGame\StageMaker.cpp(292,53): warning C4244: '인수': 'double'에서 'float'(으)로 변환하면서 데이터가 손실될 수 있습니다.
  StartScene.cpp
C:\Users\user\Desktop\API_Project\API_Project\Solution_Kirby\EngineFramework\AnimationManager.h(14,2): warning C4091: 'static ': 변수를 선언하지 않으면 'AnimationManager' 왼쪽은 무시됩니다.
  (소스 파일 'StartScene.cpp'을(를) 컴파일하는 중)
  
  main.cpp
C:\Users\user\Desktop\API_Project\API_Project\Solution_Kirby\EngineFramework\AnimationManager.h(14,2): warning C4091: 'static ': 변수를 선언하지 않으면 'AnimationManager' 왼쪽은 무시됩니다.
  (소스 파일 'main.cpp'을(를) 컴파일하는 중)
  
  코드를 생성하고 있습니다...
  KirbyGame.vcxproj -> C:\Users\user\Desktop\API_Project\API_Project\Solution_Kirby\x64\Debug\KirbyGame.exe
